#
# There is insufficient memory for the Java Runtime Environment to continue.
# Native memory allocation (malloc) failed to allocate 927056 bytes for Chunk::new
# Possible reasons:
#   The system is out of physical RAM or swap space
#   The process is running with CompressedOops enabled, and the Java Heap may be blocking the growth of the native heap
# Possible solutions:
#   Reduce memory load on the system
#   Increase physical memory or swap space
#   Check if swap backing store is full
#   Decrease Java heap size (-Xmx/-Xms)
#   Decrease number of Java threads
#   Decrease Java thread stack sizes (-Xss)
#   Set larger code cache with -XX:ReservedCodeCacheSize=
#   JVM is running with Unscaled Compressed Oops mode in which the Java heap is
#     placed in the first 4GB address space. The Java Heap base address is the
#     maximum limit for the native heap growth. Please use -XX:HeapBaseMinAddress
#     to set the Java Heap base and to place the Java Heap above 4GB virtual address.
# This output file may be truncated or incomplete.
#
#  Out of Memory Error (arena.cpp:184), pid=17368, tid=20320
#
# JRE version: OpenJDK Runtime Environment (19.0+36) (build 19+36-2238)
# Java VM: OpenJDK 64-Bit Server VM (19+36-2238, mixed mode, sharing, tiered, compressed oops, compressed class ptrs, g1 gc, windows-amd64)
# No core dump will be written. Minidumps are not enabled by default on client versions of Windows
#

---------------  S U M M A R Y ------------

Command Line: --add-opens=java.base/java.util=ALL-UNNAMED --add-opens=java.base/java.lang=ALL-UNNAMED --add-opens=java.base/java.lang.invoke=ALL-UNNAMED --add-opens=java.prefs/java.util.prefs=ALL-UNNAMED --add-opens=java.base/java.nio.charset=ALL-UNNAMED --add-opens=java.base/java.net=ALL-UNNAMED --add-opens=java.base/java.util.concurrent.atomic=ALL-UNNAMED -XX:MaxMetaspaceSize=384m -XX:+HeapDumpOnOutOfMemoryError -Xms256m -Xmx512m -Dfile.encoding=windows-1252 -Duser.country=US -Duser.language=en -Duser.variant -javaagent:C:\Users\wcham\.gradle\wrapper\dists\gradle-8.5-bin\5t9huq95ubn472n8rpzujfbqh\gradle-8.5\lib\agents\gradle-instrumentation-agent-8.5.jar org.gradle.launcher.daemon.bootstrap.GradleDaemon 8.5

Host: Intel(R) Core(TM) i7-10510U CPU @ 1.80GHz, 8 cores, 15G,  Windows 11 , 64 bit Build 22621 (10.0.22621.2506)
Time: Sun Dec 10 21:55:21 2023 Eastern Standard Time elapsed time: 28.223229 seconds (0d 0h 0m 28s)

---------------  T H R E A D  ---------------

Current thread (0x0000022c59e03550):  JavaThread "C2 CompilerThread0" daemon [_thread_in_native, id=20320, stack(0x000000cf2c100000,0x000000cf2c200000)]


Current CompileTask:
C2:  28223 10859       4       org.jetbrains.kotlin.protobuf.GeneratedMessageLite::parseUnknownField (518 bytes)

Stack: [0x000000cf2c100000,0x000000cf2c200000]
Native frames: (J=compiled Java code, j=interpreted, Vv=VM code, C=native code)
V  [jvm.dll+0x6ee8fa]
V  [jvm.dll+0x857a1e]
V  [jvm.dll+0x85940e]
V  [jvm.dll+0x859ac3]
V  [jvm.dll+0x28291f]
V  [jvm.dll+0xc9b5f]
V  [jvm.dll+0xc9ee5]
V  [jvm.dll+0x3bcb72]
V  [jvm.dll+0x386201]
V  [jvm.dll+0x38567a]
V  [jvm.dll+0x24c2c9]
V  [jvm.dll+0x24b671]
V  [jvm.dll+0x1d6d61]
V  [jvm.dll+0x25b0fa]
V  [jvm.dll+0x259588]
V  [jvm.dll+0x807928]
V  [jvm.dll+0x8015fa]
V  [jvm.dll+0x6ed5eb]
C  [ucrtbase.dll+0x29363]
C  [KERNEL32.DLL+0x1257d]
C  [ntdll.dll+0x5aa58]


---------------  P R O C E S S  ---------------

Threads class SMR info:
_java_thread_list=0x0000022c6434c830, length=54, elements={
0x0000022c3ee0ec80, 0x0000022c59df97f0, 0x0000022c59dfa5e0, 0x0000022c59dfd740,
0x0000022c59dff680, 0x0000022c59e01fc0, 0x0000022c59e028f0, 0x0000022c59e03550,
0x0000022c59e09b00, 0x0000022c59e0e490, 0x0000022c5e0d0500, 0x0000022c5e20dc50,
0x0000022c5ef43210, 0x0000022c5e250420, 0x0000022c5fad3030, 0x0000022c5f00b650,
0x0000022c5fb8f8c0, 0x0000022c5fbc8730, 0x0000022c5fd36100, 0x0000022c5fd39620,
0x0000022c5fd37640, 0x0000022c5fd390d0, 0x0000022c5fd37b90, 0x0000022c5fd36650,
0x0000022c5fd38b80, 0x0000022c5fd370f0, 0x0000022c5fd380e0, 0x0000022c5fd38630,
0x0000022c610ead00, 0x0000022c610ec240, 0x0000022c610e87d0, 0x0000022c610e7290,
0x0000022c610ed230, 0x0000022c610ea260, 0x0000022c610eb7a0, 0x0000022c610ebcf0,
0x0000022c610e6d40, 0x0000022c610eb250, 0x0000022c610e67f0, 0x0000022c610e5d50,
0x0000022c610e7d30, 0x0000022c610e9d10, 0x0000022c61c8be30, 0x0000022c61c893b0,
0x0000022c61c8a3a0, 0x0000022c61c863e0, 0x0000022c61c89900, 0x0000022c61c8c380,
0x0000022c61c8c8d0, 0x0000022c61c88e60, 0x0000022c61c8ae40, 0x0000022c61c8b390,
0x0000022c61c883c0, 0x0000022c63b96a90
}

Java Threads: ( => current thread )
  0x0000022c3ee0ec80 JavaThread "main" [_thread_blocked, id=14928, stack(0x000000cf2b400000,0x000000cf2b500000)]
  0x0000022c59df97f0 JavaThread "Reference Handler" daemon [_thread_blocked, id=22596, stack(0x000000cf2bb00000,0x000000cf2bc00000)]
  0x0000022c59dfa5e0 JavaThread "Finalizer" daemon [_thread_blocked, id=23500, stack(0x000000cf2bc00000,0x000000cf2bd00000)]
  0x0000022c59dfd740 JavaThread "Signal Dispatcher" daemon [_thread_blocked, id=3800, stack(0x000000cf2bd00000,0x000000cf2be00000)]
  0x0000022c59dff680 JavaThread "Attach Listener" daemon [_thread_blocked, id=2972, stack(0x000000cf2be00000,0x000000cf2bf00000)]
  0x0000022c59e01fc0 JavaThread "Service Thread" daemon [_thread_blocked, id=17356, stack(0x000000cf2bf00000,0x000000cf2c000000)]
  0x0000022c59e028f0 JavaThread "Monitor Deflation Thread" daemon [_thread_blocked, id=22600, stack(0x000000cf2c000000,0x000000cf2c100000)]
=>0x0000022c59e03550 JavaThread "C2 CompilerThread0" daemon [_thread_in_native, id=20320, stack(0x000000cf2c100000,0x000000cf2c200000)]
  0x0000022c59e09b00 JavaThread "C1 CompilerThread0" daemon [_thread_blocked, id=17572, stack(0x000000cf2c200000,0x000000cf2c300000)]
  0x0000022c59e0e490 JavaThread "Sweeper thread" daemon [_thread_blocked, id=18356, stack(0x000000cf2c300000,0x000000cf2c400000)]
  0x0000022c5e0d0500 JavaThread "Common-Cleaner" daemon [_thread_blocked, id=19124, stack(0x000000cf2c400000,0x000000cf2c500000)]
  0x0000022c5e20dc50 JavaThread "Notification Thread" daemon [_thread_blocked, id=17696, stack(0x000000cf2c500000,0x000000cf2c600000)]
  0x0000022c5ef43210 JavaThread "Daemon health stats" [_thread_blocked, id=22008, stack(0x000000cf2c800000,0x000000cf2c900000)]
  0x0000022c5e250420 JavaThread "Incoming local TCP Connector on port 62592" [_thread_in_native, id=24512, stack(0x000000cf2c700000,0x000000cf2c800000)]
  0x0000022c5fad3030 JavaThread "Daemon periodic checks" [_thread_blocked, id=6548, stack(0x000000cf2ce00000,0x000000cf2cf00000)]
  0x0000022c5f00b650 JavaThread "Daemon" [_thread_blocked, id=22504, stack(0x000000cf2d000000,0x000000cf2d100000)]
  0x0000022c5fb8f8c0 JavaThread "Handler for socket connection from /127.0.0.1:62592 to /127.0.0.1:62593" [_thread_in_native, id=7364, stack(0x000000cf2d100000,0x000000cf2d200000)]
  0x0000022c5fbc8730 JavaThread "Cancel handler" [_thread_blocked, id=24388, stack(0x000000cf2d200000,0x000000cf2d300000)]
  0x0000022c5fd36100 JavaThread "Daemon worker" [_thread_in_vm, id=10892, stack(0x000000cf2d300000,0x000000cf2d400000)]
  0x0000022c5fd39620 JavaThread "Asynchronous log dispatcher for DefaultDaemonConnection: socket connection from /127.0.0.1:62592 to /127.0.0.1:62593" [_thread_blocked, id=23556, stack(0x000000cf2d400000,0x000000cf2d500000)]
  0x0000022c5fd37640 JavaThread "Stdin handler" [_thread_blocked, id=21340, stack(0x000000cf2d500000,0x000000cf2d600000)]
  0x0000022c5fd390d0 JavaThread "Daemon client event forwarder" [_thread_blocked, id=19560, stack(0x000000cf2d600000,0x000000cf2d700000)]
  0x0000022c5fd37b90 JavaThread "Cache worker for journal cache (C:\Users\wcham\.gradle\caches\journal-1)" [_thread_blocked, id=20656, stack(0x000000cf2d700000,0x000000cf2d800000)]
  0x0000022c5fd36650 JavaThread "File lock request listener" [_thread_in_native, id=10888, stack(0x000000cf2d800000,0x000000cf2d900000)]
  0x0000022c5fd38b80 JavaThread "Cache worker for file hash cache (C:\Users\wcham\.gradle\caches\8.5\fileHashes)" [_thread_blocked, id=10528, stack(0x000000cf2da00000,0x000000cf2db00000)]
  0x0000022c5fd370f0 JavaThread "File watcher server" daemon [_thread_in_native, id=7308, stack(0x000000cf2de00000,0x000000cf2df00000)]
  0x0000022c5fd380e0 JavaThread "File watcher consumer" daemon [_thread_blocked, id=14156, stack(0x000000cf2df00000,0x000000cf2e000000)]
  0x0000022c5fd38630 JavaThread "jar transforms" [_thread_blocked, id=18316, stack(0x000000cf2e000000,0x000000cf2e100000)]
  0x0000022c610ead00 JavaThread "jar transforms Thread 2" [_thread_blocked, id=17220, stack(0x000000cf2e100000,0x000000cf2e200000)]
  0x0000022c610ec240 JavaThread "jar transforms Thread 3" [_thread_blocked, id=20260, stack(0x000000cf2e200000,0x000000cf2e300000)]
  0x0000022c610e87d0 JavaThread "jar transforms Thread 4" [_thread_blocked, id=19808, stack(0x000000cf2e300000,0x000000cf2e400000)]
  0x0000022c610e7290 JavaThread "jar transforms Thread 5" [_thread_blocked, id=6412, stack(0x000000cf2e400000,0x000000cf2e500000)]
  0x0000022c610ed230 JavaThread "jar transforms Thread 6" [_thread_blocked, id=17624, stack(0x000000cf2e500000,0x000000cf2e600000)]
  0x0000022c610ea260 JavaThread "jar transforms Thread 7" [_thread_blocked, id=8848, stack(0x000000cf2e600000,0x000000cf2e700000)]
  0x0000022c610eb7a0 JavaThread "jar transforms Thread 8" [_thread_blocked, id=22776, stack(0x000000cf2e700000,0x000000cf2e800000)]
  0x0000022c610ebcf0 JavaThread "Cache worker for checksums cache (C:\Users\wcham\IdeaProjects\SpringSocial-2\friendship-service\.gradle\8.5\checksums)" [_thread_blocked, id=18268, stack(0x000000cf2e800000,0x000000cf2e900000)]
  0x0000022c610e6d40 JavaThread "Cache worker for file hash cache (C:\Users\wcham\IdeaProjects\SpringSocial-2\friendship-service\.gradle\8.5\fileHashes)" [_thread_blocked, id=2944, stack(0x000000cf2e900000,0x000000cf2ea00000)]
  0x0000022c610eb250 JavaThread "Cache worker for cache directory md-supplier (C:\Users\wcham\.gradle\caches\8.5\md-supplier)" [_thread_blocked, id=17460, stack(0x000000cf2ea00000,0x000000cf2eb00000)]
  0x0000022c610e67f0 JavaThread "Cache worker for cache directory md-rule (C:\Users\wcham\.gradle\caches\8.5\md-rule)" [_thread_blocked, id=3648, stack(0x000000cf2eb00000,0x000000cf2ec00000)]
  0x0000022c610e5d50 JavaThread "Cache worker for file content cache (C:\Users\wcham\.gradle\caches\8.5\fileContent)" [_thread_blocked, id=17548, stack(0x000000cf2ec00000,0x000000cf2ed00000)]
  0x0000022c610e7d30 JavaThread "Cache worker for execution history cache (C:\Users\wcham\.gradle\caches\8.5\executionHistory)" [_thread_blocked, id=18780, stack(0x000000cf2ed00000,0x000000cf2ee00000)]
  0x0000022c610e9d10 JavaThread "Cache worker for kotlin-dsl (C:\Users\wcham\.gradle\caches\8.5\kotlin-dsl)" [_thread_blocked, id=8056, stack(0x000000cf2d900000,0x000000cf2da00000)]
  0x0000022c61c8be30 JavaThread "Cache worker for dependencies-accessors (C:\Users\wcham\IdeaProjects\SpringSocial-2\friendship-service\.gradle\8.5\dependencies-accessors)" [_thread_blocked, id=24568, stack(0x000000cf2ee00000,0x000000cf2ef00000)]
  0x0000022c61c893b0 JavaThread "Cache worker for Build Output Cleanup Cache (C:\Users\wcham\IdeaProjects\SpringSocial-2\friendship-service\.gradle\buildOutputCleanup)" [_thread_blocked, id=19596, stack(0x000000cf2f000000,0x000000cf2f100000)]
  0x0000022c61c8a3a0 JavaThread "Unconstrained build operations" [_thread_blocked, id=3580, stack(0x000000cf2ef00000,0x000000cf2f000000)]
  0x0000022c61c863e0 JavaThread "Unconstrained build operations Thread 2" [_thread_blocked, id=20964, stack(0x000000cf2f100000,0x000000cf2f200000)]
  0x0000022c61c89900 JavaThread "Unconstrained build operations Thread 3" [_thread_blocked, id=11848, stack(0x000000cf2f200000,0x000000cf2f300000)]
  0x0000022c61c8c380 JavaThread "Unconstrained build operations Thread 4" [_thread_blocked, id=19316, stack(0x000000cf2f300000,0x000000cf2f400000)]
  0x0000022c61c8c8d0 JavaThread "Unconstrained build operations Thread 5" [_thread_blocked, id=6200, stack(0x000000cf2f400000,0x000000cf2f500000)]
  0x0000022c61c88e60 JavaThread "Unconstrained build operations Thread 6" [_thread_blocked, id=24352, stack(0x000000cf2f500000,0x000000cf2f600000)]
  0x0000022c61c8ae40 JavaThread "Unconstrained build operations Thread 7" [_thread_blocked, id=18956, stack(0x000000cf2f600000,0x000000cf2f700000)]
  0x0000022c61c8b390 JavaThread "Memory manager" [_thread_blocked, id=12444, stack(0x000000cf2f700000,0x000000cf2f800000)]
  0x0000022c61c883c0 JavaThread "Kotlin DSL Writer" [_thread_blocked, id=22916, stack(0x000000cf2cf00000,0x000000cf2d000000)]
  0x0000022c63b96a90 JavaThread "C2 CompilerThread1" daemon [_thread_in_native, id=2892, stack(0x000000cf2f800000,0x000000cf2f900000)]

Other Threads:
  0x0000022c59dd62c0 VMThread "VM Thread" [stack: 0x000000cf2ba00000,0x000000cf2bb00000] [id=8172]
  0x0000022c3ee0f810 WatcherThread "VM Periodic Task Thread" [stack: 0x000000cf2c600000,0x000000cf2c700000] [id=21440]
  0x0000022c3ee41280 WorkerThread "GC Thread#0" [stack: 0x000000cf2b500000,0x000000cf2b600000] [id=19148]
  0x0000022c5ed966a0 WorkerThread "GC Thread#1" [stack: 0x000000cf2c900000,0x000000cf2ca00000] [id=8572]
  0x0000022c5ed97ff0 WorkerThread "GC Thread#2" [stack: 0x000000cf2ca00000,0x000000cf2cb00000] [id=19668]
  0x0000022c5ed95890 WorkerThread "GC Thread#3" [stack: 0x000000cf2cb00000,0x000000cf2cc00000] [id=19076]
  0x0000022c5ed97d20 WorkerThread "GC Thread#4" [stack: 0x000000cf2cc00000,0x000000cf2cd00000] [id=23992]
  0x0000022c5ed95b60 WorkerThread "GC Thread#5" [stack: 0x000000cf2cd00000,0x000000cf2ce00000] [id=8856]
  0x0000022c5ed98860 WorkerThread "GC Thread#6" [stack: 0x000000cf2db00000,0x000000cf2dc00000] [id=18164]
  0x0000022c5ed971e0 WorkerThread "GC Thread#7" [stack: 0x000000cf2dc00000,0x000000cf2dd00000] [id=19184]
  0x0000022c3ee460f0 ConcurrentGCThread "G1 Main Marker" [stack: 0x000000cf2b600000,0x000000cf2b700000] [id=22152]
  0x0000022c3ee47be0 WorkerThread "G1 Conc#0" [stack: 0x000000cf2b700000,0x000000cf2b800000] [id=24156]
  0x0000022c5ed955c0 WorkerThread "G1 Conc#1" [stack: 0x000000cf2dd00000,0x000000cf2de00000] [id=4628]
  0x0000022c59c9e5b0 ConcurrentGCThread "G1 Refine#0" [stack: 0x000000cf2b800000,0x000000cf2b900000] [id=11840]
  0x0000022c59c9ef00 ConcurrentGCThread "G1 Service" [stack: 0x000000cf2b900000,0x000000cf2ba00000] [id=22524]

Threads with active compile tasks:
C2 CompilerThread0    28244 10859       4       org.jetbrains.kotlin.protobuf.GeneratedMessageLite::parseUnknownField (518 bytes)
C2 CompilerThread1    28244 10860       4       org.jetbrains.kotlin.protobuf.ExtensionRegistryLite::findLiteExtensionByNumber (22 bytes)

VM state: not at safepoint (normal execution)

VM Mutex/Monitor currently owned by a thread: None

Heap address: 0x00000000e0000000, size: 512 MB, Compressed Oops mode: 32-bit

CDS archive(s) mapped at: [0x0000000800000000-0x0000000800c40000-0x0000000800c40000), size 12845056, SharedBaseAddress: 0x0000000800000000, ArchiveRelocationMode: 0.
Compressed class space mapped at: 0x0000000801000000-0x0000000814400000, reserved size: 322961408
Narrow klass base: 0x0000000800000000, Narrow klass shift: 0, Narrow klass range: 0x100000000

GC Precious Log:
 CardTable entry size: 512
 Card Set container configuration: InlinePtr #cards 5 size 8 Array Of Cards #cards 12 size 40 Howl #buckets 4 coarsen threshold 1843 Howl Bitmap #cards 512 size 80 coarsen threshold 460 Card regions per heap region 1 cards per card region 2048
 CPUs: 8 total, 8 available
 Memory: 16193M
 Large Page Support: Disabled
 NUMA Support: Disabled
 Compressed Oops: Enabled (32-bit)
 Heap Region Size: 1M
 Heap Min Capacity: 256M
 Heap Initial Capacity: 256M
 Heap Max Capacity: 512M
 Pre-touch: Disabled
 Parallel Workers: 8
 Concurrent Workers: 2
 Concurrent Refinement Workers: 8
 Periodic GC: Disabled

Heap:
 garbage-first heap   total 262144K, used 134240K [0x00000000e0000000, 0x0000000100000000)
  region size 1024K, 46 young (47104K), 12 survivors (12288K)
 Metaspace       used 104105K, committed 106368K, reserved 446464K
  class space    used 13708K, committed 14912K, reserved 315392K

Heap Regions: E=young(eden), S=young(survivor), O=old, HS=humongous(starts), HC=humongous(continues), CS=collection set, F=free, OA=open archive, CA=closed archive, TAMS=top-at-mark-start (previous, next)
|   0|0x00000000e0000000, 0x00000000e0100000, 0x00000000e0100000|100%|HS|  |TAMS 0x00000000e0100000, 0x00000000e0000000| Complete 
|   1|0x00000000e0100000, 0x00000000e0200000, 0x00000000e0200000|100%|HC|  |TAMS 0x00000000e0200000, 0x00000000e0100000| Complete 
|   2|0x00000000e0200000, 0x00000000e0300000, 0x00000000e0300000|100%|HC|  |TAMS 0x00000000e0300000, 0x00000000e0200000| Complete 
|   3|0x00000000e0300000, 0x00000000e0400000, 0x00000000e0400000|100%|HC|  |TAMS 0x00000000e0400000, 0x00000000e0300000| Complete 
|   4|0x00000000e0400000, 0x00000000e0500000, 0x00000000e0500000|100%| O|  |TAMS 0x00000000e0500000, 0x00000000e0400000| Untracked 
|   5|0x00000000e0500000, 0x00000000e0600000, 0x00000000e0600000|100%| O|  |TAMS 0x00000000e0600000, 0x00000000e0500000| Untracked 
|   6|0x00000000e0600000, 0x00000000e0700000, 0x00000000e0700000|100%| O|  |TAMS 0x00000000e0700000, 0x00000000e0600000| Untracked 
|   7|0x00000000e0700000, 0x00000000e0800000, 0x00000000e0800000|100%| O|  |TAMS 0x00000000e0800000, 0x00000000e0700000| Untracked 
|   8|0x00000000e0800000, 0x00000000e0900000, 0x00000000e0900000|100%| O|  |TAMS 0x00000000e0900000, 0x00000000e0800000| Untracked 
|   9|0x00000000e0900000, 0x00000000e0a00000, 0x00000000e0a00000|100%| O|  |TAMS 0x00000000e0a00000, 0x00000000e0900000| Untracked 
|  10|0x00000000e0a00000, 0x00000000e0b00000, 0x00000000e0b00000|100%| O|  |TAMS 0x00000000e0b00000, 0x00000000e0a00000| Untracked 
|  11|0x00000000e0b00000, 0x00000000e0c00000, 0x00000000e0c00000|100%|HS|  |TAMS 0x00000000e0c00000, 0x00000000e0b00000| Complete 
|  12|0x00000000e0c00000, 0x00000000e0d00000, 0x00000000e0d00000|100%|HC|  |TAMS 0x00000000e0d00000, 0x00000000e0c00000| Complete 
|  13|0x00000000e0d00000, 0x00000000e0e00000, 0x00000000e0e00000|100%|HS|  |TAMS 0x00000000e0e00000, 0x00000000e0d00000| Complete 
|  14|0x00000000e0e00000, 0x00000000e0f00000, 0x00000000e0f00000|100%|HC|  |TAMS 0x00000000e0f00000, 0x00000000e0e00000| Complete 
|  15|0x00000000e0f00000, 0x00000000e1000000, 0x00000000e1000000|100%|HC|  |TAMS 0x00000000e1000000, 0x00000000e0f00000| Complete 
|  16|0x00000000e1000000, 0x00000000e1100000, 0x00000000e1100000|100%|HS|  |TAMS 0x00000000e1100000, 0x00000000e1000000| Complete 
|  17|0x00000000e1100000, 0x00000000e1200000, 0x00000000e1200000|100%|HC|  |TAMS 0x00000000e1200000, 0x00000000e1100000| Complete 
|  18|0x00000000e1200000, 0x00000000e1300000, 0x00000000e1300000|100%|HC|  |TAMS 0x00000000e1300000, 0x00000000e1200000| Complete 
|  19|0x00000000e1300000, 0x00000000e1400000, 0x00000000e1400000|100%|HS|  |TAMS 0x00000000e1400000, 0x00000000e1300000| Complete 
|  20|0x00000000e1400000, 0x00000000e1500000, 0x00000000e1500000|100%|HC|  |TAMS 0x00000000e1500000, 0x00000000e1400000| Complete 
|  21|0x00000000e1500000, 0x00000000e1600000, 0x00000000e1600000|100%|HC|  |TAMS 0x00000000e1600000, 0x00000000e1500000| Complete 
|  22|0x00000000e1600000, 0x00000000e1700000, 0x00000000e1700000|100%| O|  |TAMS 0x00000000e1700000, 0x00000000e1600000| Untracked 
|  23|0x00000000e1700000, 0x00000000e1800000, 0x00000000e1800000|100%| O|  |TAMS 0x00000000e1800000, 0x00000000e1700000| Untracked 
|  24|0x00000000e1800000, 0x00000000e1900000, 0x00000000e1900000|100%| O|  |TAMS 0x00000000e1900000, 0x00000000e1800000| Untracked 
|  25|0x00000000e1900000, 0x00000000e1a00000, 0x00000000e1a00000|100%| O|  |TAMS 0x00000000e1a00000, 0x00000000e1900000| Untracked 
|  26|0x00000000e1a00000, 0x00000000e1b00000, 0x00000000e1b00000|100%| O|  |TAMS 0x00000000e1b00000, 0x00000000e1a00000| Untracked 
|  27|0x00000000e1b00000, 0x00000000e1c00000, 0x00000000e1c00000|100%| O|  |TAMS 0x00000000e1c00000, 0x00000000e1b00000| Untracked 
|  28|0x00000000e1c00000, 0x00000000e1d00000, 0x00000000e1d00000|100%| O|  |TAMS 0x00000000e1d00000, 0x00000000e1c00000| Untracked 
|  29|0x00000000e1d00000, 0x00000000e1e00000, 0x00000000e1e00000|100%| O|  |TAMS 0x00000000e1e00000, 0x00000000e1d00000| Untracked 
|  30|0x00000000e1e00000, 0x00000000e1f00000, 0x00000000e1f00000|100%| O|  |TAMS 0x00000000e1f00000, 0x00000000e1e00000| Untracked 
|  31|0x00000000e1f00000, 0x00000000e2000000, 0x00000000e2000000|100%| O|  |TAMS 0x00000000e2000000, 0x00000000e1f00000| Untracked 
|  32|0x00000000e2000000, 0x00000000e2100000, 0x00000000e2100000|100%| O|  |TAMS 0x00000000e2100000, 0x00000000e2000000| Untracked 
|  33|0x00000000e2100000, 0x00000000e2200000, 0x00000000e2200000|100%| O|  |TAMS 0x00000000e2200000, 0x00000000e2100000| Untracked 
|  34|0x00000000e2200000, 0x00000000e2300000, 0x00000000e2300000|100%| O|  |TAMS 0x00000000e2300000, 0x00000000e2200000| Untracked 
|  35|0x00000000e2300000, 0x00000000e2400000, 0x00000000e2400000|100%| O|  |TAMS 0x00000000e2400000, 0x00000000e2300000| Untracked 
|  36|0x00000000e2400000, 0x00000000e2500000, 0x00000000e2500000|100%| O|  |TAMS 0x00000000e2500000, 0x00000000e2400000| Untracked 
|  37|0x00000000e2500000, 0x00000000e2600000, 0x00000000e2600000|100%| O|  |TAMS 0x00000000e2600000, 0x00000000e2500000| Untracked 
|  38|0x00000000e2600000, 0x00000000e2700000, 0x00000000e2700000|100%| O|  |TAMS 0x00000000e2700000, 0x00000000e2600000| Untracked 
|  39|0x00000000e2700000, 0x00000000e2800000, 0x00000000e2800000|100%| O|  |TAMS 0x00000000e2800000, 0x00000000e2700000| Untracked 
|  40|0x00000000e2800000, 0x00000000e2900000, 0x00000000e2900000|100%| O|  |TAMS 0x00000000e2900000, 0x00000000e2800000| Untracked 
|  41|0x00000000e2900000, 0x00000000e2a00000, 0x00000000e2a00000|100%| O|  |TAMS 0x00000000e2a00000, 0x00000000e2900000| Untracked 
|  42|0x00000000e2a00000, 0x00000000e2a00000, 0x00000000e2b00000|  0%| F|  |TAMS 0x00000000e2a00000, 0x00000000e2a00000| Untracked 
|  43|0x00000000e2b00000, 0x00000000e2c00000, 0x00000000e2c00000|100%| O|  |TAMS 0x00000000e2c00000, 0x00000000e2b00000| Untracked 
|  44|0x00000000e2c00000, 0x00000000e2d00000, 0x00000000e2d00000|100%| O|  |TAMS 0x00000000e2d00000, 0x00000000e2c00000| Untracked 
|  45|0x00000000e2d00000, 0x00000000e2e00000, 0x00000000e2e00000|100%| O|  |TAMS 0x00000000e2e00000, 0x00000000e2d00000| Untracked 
|  46|0x00000000e2e00000, 0x00000000e2f00000, 0x00000000e2f00000|100%| O|  |TAMS 0x00000000e2f00000, 0x00000000e2e00000| Untracked 
|  47|0x00000000e2f00000, 0x00000000e3000000, 0x00000000e3000000|100%|HS|  |TAMS 0x00000000e3000000, 0x00000000e2f00000| Complete 
|  48|0x00000000e3000000, 0x00000000e3100000, 0x00000000e3100000|100%|HC|  |TAMS 0x00000000e3100000, 0x00000000e3000000| Complete 
|  49|0x00000000e3100000, 0x00000000e3200000, 0x00000000e3200000|100%|HC|  |TAMS 0x00000000e3200000, 0x00000000e3100000| Complete 
|  50|0x00000000e3200000, 0x00000000e3300000, 0x00000000e3300000|100%| O|  |TAMS 0x00000000e3300000, 0x00000000e3200000| Untracked 
|  51|0x00000000e3300000, 0x00000000e3400000, 0x00000000e3400000|100%| O|  |TAMS 0x00000000e3400000, 0x00000000e3300000| Untracked 
|  52|0x00000000e3400000, 0x00000000e3500000, 0x00000000e3500000|100%| O|  |TAMS 0x00000000e3500000, 0x00000000e3400000| Untracked 
|  53|0x00000000e3500000, 0x00000000e3600000, 0x00000000e3600000|100%| O|  |TAMS 0x00000000e3600000, 0x00000000e3500000| Complete 
|  54|0x00000000e3600000, 0x00000000e3700000, 0x00000000e3700000|100%| O|  |TAMS 0x00000000e3700000, 0x00000000e3600000| Untracked 
|  55|0x00000000e3700000, 0x00000000e3800000, 0x00000000e3800000|100%| O|  |TAMS 0x00000000e3800000, 0x00000000e3700000| Untracked 
|  56|0x00000000e3800000, 0x00000000e3900000, 0x00000000e3900000|100%| O|  |TAMS 0x00000000e3900000, 0x00000000e3800000| Untracked 
|  57|0x00000000e3900000, 0x00000000e3a00000, 0x00000000e3a00000|100%| O|  |TAMS 0x00000000e3a00000, 0x00000000e3900000| Untracked 
|  58|0x00000000e3a00000, 0x00000000e3b00000, 0x00000000e3b00000|100%| O|  |TAMS 0x00000000e3b00000, 0x00000000e3a00000| Untracked 
|  59|0x00000000e3b00000, 0x00000000e3c00000, 0x00000000e3c00000|100%| O|  |TAMS 0x00000000e3c00000, 0x00000000e3b00000| Untracked 
|  60|0x00000000e3c00000, 0x00000000e3d00000, 0x00000000e3d00000|100%| O|  |TAMS 0x00000000e3d00000, 0x00000000e3c00000| Untracked 
|  61|0x00000000e3d00000, 0x00000000e3e00000, 0x00000000e3e00000|100%| O|  |TAMS 0x00000000e3e00000, 0x00000000e3d00000| Untracked 
|  62|0x00000000e3e00000, 0x00000000e3f00000, 0x00000000e3f00000|100%| O|  |TAMS 0x00000000e3f00000, 0x00000000e3e00000| Untracked 
|  63|0x00000000e3f00000, 0x00000000e4000000, 0x00000000e4000000|100%| O|  |TAMS 0x00000000e4000000, 0x00000000e3f00000| Untracked 
|  64|0x00000000e4000000, 0x00000000e4100000, 0x00000000e4100000|100%| O|  |TAMS 0x00000000e4100000, 0x00000000e4000000| Untracked 
|  65|0x00000000e4100000, 0x00000000e4200000, 0x00000000e4200000|100%| O|  |TAMS 0x00000000e4200000, 0x00000000e4100000| Untracked 
|  66|0x00000000e4200000, 0x00000000e4300000, 0x00000000e4300000|100%| O|  |TAMS 0x00000000e4300000, 0x00000000e4200000| Untracked 
|  67|0x00000000e4300000, 0x00000000e4400000, 0x00000000e4400000|100%| O|  |TAMS 0x00000000e4400000, 0x00000000e4300000| Untracked 
|  68|0x00000000e4400000, 0x00000000e4500000, 0x00000000e4500000|100%| O|  |TAMS 0x00000000e4500000, 0x00000000e4400000| Untracked 
|  69|0x00000000e4500000, 0x00000000e4600000, 0x00000000e4600000|100%|HS|  |TAMS 0x00000000e4600000, 0x00000000e4500000| Complete 
|  70|0x00000000e4600000, 0x00000000e4700000, 0x00000000e4700000|100%|HC|  |TAMS 0x00000000e4700000, 0x00000000e4600000| Complete 
|  71|0x00000000e4700000, 0x00000000e4800000, 0x00000000e4800000|100%|HC|  |TAMS 0x00000000e4800000, 0x00000000e4700000| Complete 
|  72|0x00000000e4800000, 0x00000000e4900000, 0x00000000e4900000|100%|HC|  |TAMS 0x00000000e4900000, 0x00000000e4800000| Complete 
|  73|0x00000000e4900000, 0x00000000e4a00000, 0x00000000e4a00000|100%|HC|  |TAMS 0x00000000e4a00000, 0x00000000e4900000| Complete 
|  74|0x00000000e4a00000, 0x00000000e4b00000, 0x00000000e4b00000|100%|HC|  |TAMS 0x00000000e4b00000, 0x00000000e4a00000| Complete 
|  75|0x00000000e4b00000, 0x00000000e4c00000, 0x00000000e4c00000|100%|HS|  |TAMS 0x00000000e4c00000, 0x00000000e4b00000| Complete 
|  76|0x00000000e4c00000, 0x00000000e4d00000, 0x00000000e4d00000|100%| O|  |TAMS 0x00000000e4d00000, 0x00000000e4c00000| Untracked 
|  77|0x00000000e4d00000, 0x00000000e4e00000, 0x00000000e4e00000|100%| O|  |TAMS 0x00000000e4e00000, 0x00000000e4d00000| Untracked 
|  78|0x00000000e4e00000, 0x00000000e4f00000, 0x00000000e4f00000|100%| O|  |TAMS 0x00000000e4f00000, 0x00000000e4e00000| Untracked 
|  79|0x00000000e4f00000, 0x00000000e5000000, 0x00000000e5000000|100%| O|  |TAMS 0x00000000e5000000, 0x00000000e4f00000| Untracked 
|  80|0x00000000e5000000, 0x00000000e5100000, 0x00000000e5100000|100%| O|  |TAMS 0x00000000e5100000, 0x00000000e5000000| Untracked 
|  81|0x00000000e5100000, 0x00000000e5200000, 0x00000000e5200000|100%| O|  |TAMS 0x00000000e5200000, 0x00000000e5100000| Untracked 
|  82|0x00000000e5200000, 0x00000000e5300000, 0x00000000e5300000|100%| O|  |TAMS 0x00000000e5300000, 0x00000000e5200000| Untracked 
|  83|0x00000000e5300000, 0x00000000e5400000, 0x00000000e5400000|100%| O|  |TAMS 0x00000000e5400000, 0x00000000e5300000| Untracked 
|  84|0x00000000e5400000, 0x00000000e5500000, 0x00000000e5500000|100%| O|  |TAMS 0x00000000e5500000, 0x00000000e5400000| Untracked 
|  85|0x00000000e5500000, 0x00000000e5600000, 0x00000000e5600000|100%| O|  |TAMS 0x00000000e5600000, 0x00000000e5500000| Untracked 
|  86|0x00000000e5600000, 0x00000000e5700000, 0x00000000e5700000|100%| O|  |TAMS 0x00000000e5700000, 0x00000000e5600000| Untracked 
|  87|0x00000000e5700000, 0x00000000e5800000, 0x00000000e5800000|100%| O|  |TAMS 0x00000000e5800000, 0x00000000e5700000| Untracked 
|  88|0x00000000e5800000, 0x00000000e5844200, 0x00000000e5900000| 26%| O|  |TAMS 0x00000000e5844200, 0x00000000e5800000| Untracked 
|  89|0x00000000e5900000, 0x00000000e5900000, 0x00000000e5a00000|  0%| F|  |TAMS 0x00000000e5900000, 0x00000000e5900000| Untracked 
|  90|0x00000000e5a00000, 0x00000000e5a00000, 0x00000000e5b00000|  0%| F|  |TAMS 0x00000000e5a00000, 0x00000000e5a00000| Untracked 
|  91|0x00000000e5b00000, 0x00000000e5b00000, 0x00000000e5c00000|  0%| F|  |TAMS 0x00000000e5b00000, 0x00000000e5b00000| Untracked 
|  92|0x00000000e5c00000, 0x00000000e5c00000, 0x00000000e5d00000|  0%| F|  |TAMS 0x00000000e5c00000, 0x00000000e5c00000| Untracked 
|  93|0x00000000e5d00000, 0x00000000e5d00000, 0x00000000e5e00000|  0%| F|  |TAMS 0x00000000e5d00000, 0x00000000e5d00000| Untracked 
|  94|0x00000000e5e00000, 0x00000000e5e00000, 0x00000000e5f00000|  0%| F|  |TAMS 0x00000000e5e00000, 0x00000000e5e00000| Untracked 
|  95|0x00000000e5f00000, 0x00000000e5f00000, 0x00000000e6000000|  0%| F|  |TAMS 0x00000000e5f00000, 0x00000000e5f00000| Untracked 
|  96|0x00000000e6000000, 0x00000000e6000000, 0x00000000e6100000|  0%| F|  |TAMS 0x00000000e6000000, 0x00000000e6000000| Untracked 
|  97|0x00000000e6100000, 0x00000000e6100000, 0x00000000e6200000|  0%| F|  |TAMS 0x00000000e6100000, 0x00000000e6100000| Untracked 
|  98|0x00000000e6200000, 0x00000000e6200000, 0x00000000e6300000|  0%| F|  |TAMS 0x00000000e6200000, 0x00000000e6200000| Untracked 
|  99|0x00000000e6300000, 0x00000000e6300000, 0x00000000e6400000|  0%| F|  |TAMS 0x00000000e6300000, 0x00000000e6300000| Untracked 
| 100|0x00000000e6400000, 0x00000000e6400000, 0x00000000e6500000|  0%| F|  |TAMS 0x00000000e6400000, 0x00000000e6400000| Untracked 
| 101|0x00000000e6500000, 0x00000000e6500000, 0x00000000e6600000|  0%| F|  |TAMS 0x00000000e6500000, 0x00000000e6500000| Untracked 
| 102|0x00000000e6600000, 0x00000000e6600000, 0x00000000e6700000|  0%| F|  |TAMS 0x00000000e6600000, 0x00000000e6600000| Untracked 
| 103|0x00000000e6700000, 0x00000000e6700000, 0x00000000e6800000|  0%| F|  |TAMS 0x00000000e6700000, 0x00000000e6700000| Untracked 
| 104|0x00000000e6800000, 0x00000000e6800000, 0x00000000e6900000|  0%| F|  |TAMS 0x00000000e6800000, 0x00000000e6800000| Untracked 
| 105|0x00000000e6900000, 0x00000000e6900000, 0x00000000e6a00000|  0%| F|  |TAMS 0x00000000e6900000, 0x00000000e6900000| Untracked 
| 106|0x00000000e6a00000, 0x00000000e6a00000, 0x00000000e6b00000|  0%| F|  |TAMS 0x00000000e6a00000, 0x00000000e6a00000| Untracked 
| 107|0x00000000e6b00000, 0x00000000e6b00000, 0x00000000e6c00000|  0%| F|  |TAMS 0x00000000e6b00000, 0x00000000e6b00000| Untracked 
| 108|0x00000000e6c00000, 0x00000000e6c00000, 0x00000000e6d00000|  0%| F|  |TAMS 0x00000000e6c00000, 0x00000000e6c00000| Untracked 
| 109|0x00000000e6d00000, 0x00000000e6d00000, 0x00000000e6e00000|  0%| F|  |TAMS 0x00000000e6d00000, 0x00000000e6d00000| Untracked 
| 110|0x00000000e6e00000, 0x00000000e6e00000, 0x00000000e6f00000|  0%| F|  |TAMS 0x00000000e6e00000, 0x00000000e6e00000| Untracked 
| 111|0x00000000e6f00000, 0x00000000e6f00000, 0x00000000e7000000|  0%| F|  |TAMS 0x00000000e6f00000, 0x00000000e6f00000| Untracked 
| 112|0x00000000e7000000, 0x00000000e7000000, 0x00000000e7100000|  0%| F|  |TAMS 0x00000000e7000000, 0x00000000e7000000| Untracked 
| 113|0x00000000e7100000, 0x00000000e7100000, 0x00000000e7200000|  0%| F|  |TAMS 0x00000000e7100000, 0x00000000e7100000| Untracked 
| 114|0x00000000e7200000, 0x00000000e7200000, 0x00000000e7300000|  0%| F|  |TAMS 0x00000000e7200000, 0x00000000e7200000| Untracked 
| 115|0x00000000e7300000, 0x00000000e7300000, 0x00000000e7400000|  0%| F|  |TAMS 0x00000000e7300000, 0x00000000e7300000| Untracked 
| 116|0x00000000e7400000, 0x00000000e7400000, 0x00000000e7500000|  0%| F|  |TAMS 0x00000000e7400000, 0x00000000e7400000| Untracked 
| 117|0x00000000e7500000, 0x00000000e7500000, 0x00000000e7600000|  0%| F|  |TAMS 0x00000000e7500000, 0x00000000e7500000| Untracked 
| 118|0x00000000e7600000, 0x00000000e7600000, 0x00000000e7700000|  0%| F|  |TAMS 0x00000000e7600000, 0x00000000e7600000| Untracked 
| 119|0x00000000e7700000, 0x00000000e7700000, 0x00000000e7800000|  0%| F|  |TAMS 0x00000000e7700000, 0x00000000e7700000| Untracked 
| 120|0x00000000e7800000, 0x00000000e7800000, 0x00000000e7900000|  0%| F|  |TAMS 0x00000000e7800000, 0x00000000e7800000| Untracked 
| 121|0x00000000e7900000, 0x00000000e7900000, 0x00000000e7a00000|  0%| F|  |TAMS 0x00000000e7900000, 0x00000000e7900000| Untracked 
| 122|0x00000000e7a00000, 0x00000000e7a00000, 0x00000000e7b00000|  0%| F|  |TAMS 0x00000000e7a00000, 0x00000000e7a00000| Untracked 
| 123|0x00000000e7b00000, 0x00000000e7b00000, 0x00000000e7c00000|  0%| F|  |TAMS 0x00000000e7b00000, 0x00000000e7b00000| Untracked 
| 124|0x00000000e7c00000, 0x00000000e7c00000, 0x00000000e7d00000|  0%| F|  |TAMS 0x00000000e7c00000, 0x00000000e7c00000| Untracked 
| 125|0x00000000e7d00000, 0x00000000e7d00000, 0x00000000e7e00000|  0%| F|  |TAMS 0x00000000e7d00000, 0x00000000e7d00000| Untracked 
| 126|0x00000000e7e00000, 0x00000000e7e00000, 0x00000000e7f00000|  0%| F|  |TAMS 0x00000000e7e00000, 0x00000000e7e00000| Untracked 
| 127|0x00000000e7f00000, 0x00000000e7f00000, 0x00000000e8000000|  0%| F|  |TAMS 0x00000000e7f00000, 0x00000000e7f00000| Untracked 
| 128|0x00000000e8000000, 0x00000000e8000000, 0x00000000e8100000|  0%| F|  |TAMS 0x00000000e8000000, 0x00000000e8000000| Untracked 
| 129|0x00000000e8100000, 0x00000000e8100000, 0x00000000e8200000|  0%| F|  |TAMS 0x00000000e8100000, 0x00000000e8100000| Untracked 
| 130|0x00000000e8200000, 0x00000000e8200000, 0x00000000e8300000|  0%| F|  |TAMS 0x00000000e8200000, 0x00000000e8200000| Untracked 
| 131|0x00000000e8300000, 0x00000000e8300000, 0x00000000e8400000|  0%| F|  |TAMS 0x00000000e8300000, 0x00000000e8300000| Untracked 
| 132|0x00000000e8400000, 0x00000000e8400000, 0x00000000e8500000|  0%| F|  |TAMS 0x00000000e8400000, 0x00000000e8400000| Untracked 
| 133|0x00000000e8500000, 0x00000000e8500000, 0x00000000e8600000|  0%| F|  |TAMS 0x00000000e8500000, 0x00000000e8500000| Untracked 
| 134|0x00000000e8600000, 0x00000000e8600000, 0x00000000e8700000|  0%| F|  |TAMS 0x00000000e8600000, 0x00000000e8600000| Untracked 
| 135|0x00000000e8700000, 0x00000000e8700000, 0x00000000e8800000|  0%| F|  |TAMS 0x00000000e8700000, 0x00000000e8700000| Untracked 
| 136|0x00000000e8800000, 0x00000000e8800000, 0x00000000e8900000|  0%| F|  |TAMS 0x00000000e8800000, 0x00000000e8800000| Untracked 
| 137|0x00000000e8900000, 0x00000000e8900000, 0x00000000e8a00000|  0%| F|  |TAMS 0x00000000e8900000, 0x00000000e8900000| Untracked 
| 138|0x00000000e8a00000, 0x00000000e8a00000, 0x00000000e8b00000|  0%| F|  |TAMS 0x00000000e8a00000, 0x00000000e8a00000| Untracked 
| 139|0x00000000e8b00000, 0x00000000e8b00000, 0x00000000e8c00000|  0%| F|  |TAMS 0x00000000e8b00000, 0x00000000e8b00000| Untracked 
| 140|0x00000000e8c00000, 0x00000000e8c00000, 0x00000000e8d00000|  0%| F|  |TAMS 0x00000000e8c00000, 0x00000000e8c00000| Untracked 
| 141|0x00000000e8d00000, 0x00000000e8d00000, 0x00000000e8e00000|  0%| F|  |TAMS 0x00000000e8d00000, 0x00000000e8d00000| Untracked 
| 142|0x00000000e8e00000, 0x00000000e8e00000, 0x00000000e8f00000|  0%| F|  |TAMS 0x00000000e8e00000, 0x00000000e8e00000| Untracked 
| 143|0x00000000e8f00000, 0x00000000e8f00000, 0x00000000e9000000|  0%| F|  |TAMS 0x00000000e8f00000, 0x00000000e8f00000| Untracked 
| 144|0x00000000e9000000, 0x00000000e9000000, 0x00000000e9100000|  0%| F|  |TAMS 0x00000000e9000000, 0x00000000e9000000| Untracked 
| 145|0x00000000e9100000, 0x00000000e9100000, 0x00000000e9200000|  0%| F|  |TAMS 0x00000000e9100000, 0x00000000e9100000| Untracked 
| 146|0x00000000e9200000, 0x00000000e9200000, 0x00000000e9300000|  0%| F|  |TAMS 0x00000000e9200000, 0x00000000e9200000| Untracked 
| 147|0x00000000e9300000, 0x00000000e9300000, 0x00000000e9400000|  0%| F|  |TAMS 0x00000000e9300000, 0x00000000e9300000| Untracked 
| 148|0x00000000e9400000, 0x00000000e9400000, 0x00000000e9500000|  0%| F|  |TAMS 0x00000000e9400000, 0x00000000e9400000| Untracked 
| 149|0x00000000e9500000, 0x00000000e9500000, 0x00000000e9600000|  0%| F|  |TAMS 0x00000000e9500000, 0x00000000e9500000| Untracked 
| 150|0x00000000e9600000, 0x00000000e9600000, 0x00000000e9700000|  0%| F|  |TAMS 0x00000000e9600000, 0x00000000e9600000| Untracked 
| 151|0x00000000e9700000, 0x00000000e9700000, 0x00000000e9800000|  0%| F|  |TAMS 0x00000000e9700000, 0x00000000e9700000| Untracked 
| 152|0x00000000e9800000, 0x00000000e9800000, 0x00000000e9900000|  0%| F|  |TAMS 0x00000000e9800000, 0x00000000e9800000| Untracked 
| 153|0x00000000e9900000, 0x00000000e9900000, 0x00000000e9a00000|  0%| F|  |TAMS 0x00000000e9900000, 0x00000000e9900000| Untracked 
| 154|0x00000000e9a00000, 0x00000000e9a00000, 0x00000000e9b00000|  0%| F|  |TAMS 0x00000000e9a00000, 0x00000000e9a00000| Untracked 
| 155|0x00000000e9b00000, 0x00000000e9b00000, 0x00000000e9c00000|  0%| F|  |TAMS 0x00000000e9b00000, 0x00000000e9b00000| Untracked 
| 156|0x00000000e9c00000, 0x00000000e9c00000, 0x00000000e9d00000|  0%| F|  |TAMS 0x00000000e9c00000, 0x00000000e9c00000| Untracked 
| 157|0x00000000e9d00000, 0x00000000e9d00000, 0x00000000e9e00000|  0%| F|  |TAMS 0x00000000e9d00000, 0x00000000e9d00000| Untracked 
| 158|0x00000000e9e00000, 0x00000000e9e00000, 0x00000000e9f00000|  0%| F|  |TAMS 0x00000000e9e00000, 0x00000000e9e00000| Untracked 
| 159|0x00000000e9f00000, 0x00000000e9f00000, 0x00000000ea000000|  0%| F|  |TAMS 0x00000000e9f00000, 0x00000000e9f00000| Untracked 
| 160|0x00000000ea000000, 0x00000000ea000000, 0x00000000ea100000|  0%| F|  |TAMS 0x00000000ea000000, 0x00000000ea000000| Untracked 
| 161|0x00000000ea100000, 0x00000000ea100000, 0x00000000ea200000|  0%| F|  |TAMS 0x00000000ea100000, 0x00000000ea100000| Untracked 
| 162|0x00000000ea200000, 0x00000000ea200000, 0x00000000ea300000|  0%| F|  |TAMS 0x00000000ea200000, 0x00000000ea200000| Untracked 
| 163|0x00000000ea300000, 0x00000000ea300000, 0x00000000ea400000|  0%| F|  |TAMS 0x00000000ea300000, 0x00000000ea300000| Untracked 
| 164|0x00000000ea400000, 0x00000000ea400000, 0x00000000ea500000|  0%| F|  |TAMS 0x00000000ea400000, 0x00000000ea400000| Untracked 
| 165|0x00000000ea500000, 0x00000000ea500000, 0x00000000ea600000|  0%| F|  |TAMS 0x00000000ea500000, 0x00000000ea500000| Untracked 
| 166|0x00000000ea600000, 0x00000000ea600000, 0x00000000ea700000|  0%| F|  |TAMS 0x00000000ea600000, 0x00000000ea600000| Untracked 
| 167|0x00000000ea700000, 0x00000000ea700000, 0x00000000ea800000|  0%| F|  |TAMS 0x00000000ea700000, 0x00000000ea700000| Untracked 
| 168|0x00000000ea800000, 0x00000000ea800000, 0x00000000ea900000|  0%| F|  |TAMS 0x00000000ea800000, 0x00000000ea800000| Untracked 
| 169|0x00000000ea900000, 0x00000000ea900000, 0x00000000eaa00000|  0%| F|  |TAMS 0x00000000ea900000, 0x00000000ea900000| Untracked 
| 170|0x00000000eaa00000, 0x00000000eaa00000, 0x00000000eab00000|  0%| F|  |TAMS 0x00000000eaa00000, 0x00000000eaa00000| Untracked 
| 171|0x00000000eab00000, 0x00000000eab00000, 0x00000000eac00000|  0%| F|  |TAMS 0x00000000eab00000, 0x00000000eab00000| Untracked 
| 172|0x00000000eac00000, 0x00000000eac00000, 0x00000000ead00000|  0%| F|  |TAMS 0x00000000eac00000, 0x00000000eac00000| Untracked 
| 173|0x00000000ead00000, 0x00000000ead00000, 0x00000000eae00000|  0%| F|  |TAMS 0x00000000ead00000, 0x00000000ead00000| Untracked 
| 174|0x00000000eae00000, 0x00000000eae00000, 0x00000000eaf00000|  0%| F|  |TAMS 0x00000000eae00000, 0x00000000eae00000| Untracked 
| 175|0x00000000eaf00000, 0x00000000eaf00000, 0x00000000eb000000|  0%| F|  |TAMS 0x00000000eaf00000, 0x00000000eaf00000| Untracked 
| 176|0x00000000eb000000, 0x00000000eb000000, 0x00000000eb100000|  0%| F|  |TAMS 0x00000000eb000000, 0x00000000eb000000| Untracked 
| 177|0x00000000eb100000, 0x00000000eb100000, 0x00000000eb200000|  0%| F|  |TAMS 0x00000000eb100000, 0x00000000eb100000| Untracked 
| 178|0x00000000eb200000, 0x00000000eb200000, 0x00000000eb300000|  0%| F|  |TAMS 0x00000000eb200000, 0x00000000eb200000| Untracked 
| 179|0x00000000eb300000, 0x00000000eb300000, 0x00000000eb400000|  0%| F|  |TAMS 0x00000000eb300000, 0x00000000eb300000| Untracked 
| 180|0x00000000eb400000, 0x00000000eb400000, 0x00000000eb500000|  0%| F|  |TAMS 0x00000000eb400000, 0x00000000eb400000| Untracked 
| 181|0x00000000eb500000, 0x00000000eb500000, 0x00000000eb600000|  0%| F|  |TAMS 0x00000000eb500000, 0x00000000eb500000| Untracked 
| 182|0x00000000eb600000, 0x00000000eb600000, 0x00000000eb700000|  0%| F|  |TAMS 0x00000000eb600000, 0x00000000eb600000| Untracked 
| 183|0x00000000eb700000, 0x00000000eb700000, 0x00000000eb800000|  0%| F|  |TAMS 0x00000000eb700000, 0x00000000eb700000| Untracked 
| 184|0x00000000eb800000, 0x00000000eb800000, 0x00000000eb900000|  0%| F|  |TAMS 0x00000000eb800000, 0x00000000eb800000| Untracked 
| 185|0x00000000eb900000, 0x00000000eb900000, 0x00000000eba00000|  0%| F|  |TAMS 0x00000000eb900000, 0x00000000eb900000| Untracked 
| 186|0x00000000eba00000, 0x00000000eba00000, 0x00000000ebb00000|  0%| F|  |TAMS 0x00000000eba00000, 0x00000000eba00000| Untracked 
| 187|0x00000000ebb00000, 0x00000000ebbd3e40, 0x00000000ebc00000| 82%| S|CS|TAMS 0x00000000ebb00000, 0x00000000ebb00000| Complete 
| 188|0x00000000ebc00000, 0x00000000ebd00000, 0x00000000ebd00000|100%| S|CS|TAMS 0x00000000ebc00000, 0x00000000ebc00000| Complete 
| 189|0x00000000ebd00000, 0x00000000ebe00000, 0x00000000ebe00000|100%| S|CS|TAMS 0x00000000ebd00000, 0x00000000ebd00000| Complete 
| 190|0x00000000ebe00000, 0x00000000ebf00000, 0x00000000ebf00000|100%| S|CS|TAMS 0x00000000ebe00000, 0x00000000ebe00000| Complete 
| 191|0x00000000ebf00000, 0x00000000ec000000, 0x00000000ec000000|100%| S|CS|TAMS 0x00000000ebf00000, 0x00000000ebf00000| Complete 
| 192|0x00000000ec000000, 0x00000000ec100000, 0x00000000ec100000|100%| S|CS|TAMS 0x00000000ec000000, 0x00000000ec000000| Complete 
| 193|0x00000000ec100000, 0x00000000ec200000, 0x00000000ec200000|100%| S|CS|TAMS 0x00000000ec100000, 0x00000000ec100000| Complete 
| 194|0x00000000ec200000, 0x00000000ec300000, 0x00000000ec300000|100%| S|CS|TAMS 0x00000000ec200000, 0x00000000ec200000| Complete 
| 195|0x00000000ec300000, 0x00000000ec400000, 0x00000000ec400000|100%| S|CS|TAMS 0x00000000ec300000, 0x00000000ec300000| Complete 
| 196|0x00000000ec400000, 0x00000000ec500000, 0x00000000ec500000|100%| S|CS|TAMS 0x00000000ec400000, 0x00000000ec400000| Complete 
| 197|0x00000000ec500000, 0x00000000ec600000, 0x00000000ec600000|100%| S|CS|TAMS 0x00000000ec500000, 0x00000000ec500000| Complete 
| 198|0x00000000ec600000, 0x00000000ec700000, 0x00000000ec700000|100%| S|CS|TAMS 0x00000000ec600000, 0x00000000ec600000| Complete 
| 199|0x00000000ec700000, 0x00000000ec700000, 0x00000000ec800000|  0%| F|  |TAMS 0x00000000ec700000, 0x00000000ec700000| Untracked 
| 200|0x00000000ec800000, 0x00000000ec800000, 0x00000000ec900000|  0%| F|  |TAMS 0x00000000ec800000, 0x00000000ec800000| Untracked 
| 201|0x00000000ec900000, 0x00000000ec900000, 0x00000000eca00000|  0%| F|  |TAMS 0x00000000ec900000, 0x00000000ec900000| Untracked 
| 202|0x00000000eca00000, 0x00000000eca00000, 0x00000000ecb00000|  0%| F|  |TAMS 0x00000000eca00000, 0x00000000eca00000| Untracked 
| 203|0x00000000ecb00000, 0x00000000ecb00000, 0x00000000ecc00000|  0%| F|  |TAMS 0x00000000ecb00000, 0x00000000ecb00000| Untracked 
| 204|0x00000000ecc00000, 0x00000000ecc00000, 0x00000000ecd00000|  0%| F|  |TAMS 0x00000000ecc00000, 0x00000000ecc00000| Untracked 
| 205|0x00000000ecd00000, 0x00000000ecd00000, 0x00000000ece00000|  0%| F|  |TAMS 0x00000000ecd00000, 0x00000000ecd00000| Untracked 
| 206|0x00000000ece00000, 0x00000000ece00000, 0x00000000ecf00000|  0%| F|  |TAMS 0x00000000ece00000, 0x00000000ece00000| Untracked 
| 207|0x00000000ecf00000, 0x00000000ecf00000, 0x00000000ed000000|  0%| F|  |TAMS 0x00000000ecf00000, 0x00000000ecf00000| Untracked 
| 208|0x00000000ed000000, 0x00000000ed000000, 0x00000000ed100000|  0%| F|  |TAMS 0x00000000ed000000, 0x00000000ed000000| Untracked 
| 209|0x00000000ed100000, 0x00000000ed100000, 0x00000000ed200000|  0%| F|  |TAMS 0x00000000ed100000, 0x00000000ed100000| Untracked 
| 210|0x00000000ed200000, 0x00000000ed200000, 0x00000000ed300000|  0%| F|  |TAMS 0x00000000ed200000, 0x00000000ed200000| Untracked 
| 211|0x00000000ed300000, 0x00000000ed300000, 0x00000000ed400000|  0%| F|  |TAMS 0x00000000ed300000, 0x00000000ed300000| Untracked 
| 212|0x00000000ed400000, 0x00000000ed400000, 0x00000000ed500000|  0%| F|  |TAMS 0x00000000ed400000, 0x00000000ed400000| Untracked 
| 213|0x00000000ed500000, 0x00000000ed500000, 0x00000000ed600000|  0%| F|  |TAMS 0x00000000ed500000, 0x00000000ed500000| Untracked 
| 214|0x00000000ed600000, 0x00000000ed600000, 0x00000000ed700000|  0%| F|  |TAMS 0x00000000ed600000, 0x00000000ed600000| Untracked 
| 215|0x00000000ed700000, 0x00000000ed700000, 0x00000000ed800000|  0%| F|  |TAMS 0x00000000ed700000, 0x00000000ed700000| Untracked 
| 216|0x00000000ed800000, 0x00000000ed800000, 0x00000000ed900000|  0%| F|  |TAMS 0x00000000ed800000, 0x00000000ed800000| Untracked 
| 217|0x00000000ed900000, 0x00000000ed900000, 0x00000000eda00000|  0%| F|  |TAMS 0x00000000ed900000, 0x00000000ed900000| Untracked 
| 218|0x00000000eda00000, 0x00000000eda00000, 0x00000000edb00000|  0%| F|  |TAMS 0x00000000eda00000, 0x00000000eda00000| Untracked 
| 219|0x00000000edb00000, 0x00000000edb00000, 0x00000000edc00000|  0%| F|  |TAMS 0x00000000edb00000, 0x00000000edb00000| Untracked 
| 220|0x00000000edc00000, 0x00000000edc00000, 0x00000000edd00000|  0%| F|  |TAMS 0x00000000edc00000, 0x00000000edc00000| Untracked 
| 221|0x00000000edd00000, 0x00000000edd80800, 0x00000000ede00000| 50%| E|  |TAMS 0x00000000edd00000, 0x00000000edd00000| Complete 
| 222|0x00000000ede00000, 0x00000000edf00000, 0x00000000edf00000|100%| E|CS|TAMS 0x00000000ede00000, 0x00000000ede00000| Complete 
| 223|0x00000000edf00000, 0x00000000ee000000, 0x00000000ee000000|100%| E|CS|TAMS 0x00000000edf00000, 0x00000000edf00000| Complete 
| 224|0x00000000ee000000, 0x00000000ee100000, 0x00000000ee100000|100%| E|CS|TAMS 0x00000000ee000000, 0x00000000ee000000| Complete 
| 225|0x00000000ee100000, 0x00000000ee200000, 0x00000000ee200000|100%| E|CS|TAMS 0x00000000ee100000, 0x00000000ee100000| Complete 
| 226|0x00000000ee200000, 0x00000000ee300000, 0x00000000ee300000|100%| E|CS|TAMS 0x00000000ee200000, 0x00000000ee200000| Complete 
| 227|0x00000000ee300000, 0x00000000ee400000, 0x00000000ee400000|100%| E|CS|TAMS 0x00000000ee300000, 0x00000000ee300000| Complete 
| 228|0x00000000ee400000, 0x00000000ee500000, 0x00000000ee500000|100%| E|CS|TAMS 0x00000000ee400000, 0x00000000ee400000| Complete 
| 229|0x00000000ee500000, 0x00000000ee600000, 0x00000000ee600000|100%| E|CS|TAMS 0x00000000ee500000, 0x00000000ee500000| Complete 
| 230|0x00000000ee600000, 0x00000000ee700000, 0x00000000ee700000|100%| E|CS|TAMS 0x00000000ee600000, 0x00000000ee600000| Complete 
| 231|0x00000000ee700000, 0x00000000ee800000, 0x00000000ee800000|100%| E|CS|TAMS 0x00000000ee700000, 0x00000000ee700000| Complete 
| 232|0x00000000ee800000, 0x00000000ee900000, 0x00000000ee900000|100%| E|CS|TAMS 0x00000000ee800000, 0x00000000ee800000| Complete 
| 233|0x00000000ee900000, 0x00000000eea00000, 0x00000000eea00000|100%| E|CS|TAMS 0x00000000ee900000, 0x00000000ee900000| Complete 
| 234|0x00000000eea00000, 0x00000000eeb00000, 0x00000000eeb00000|100%| E|CS|TAMS 0x00000000eea00000, 0x00000000eea00000| Complete 
| 235|0x00000000eeb00000, 0x00000000eec00000, 0x00000000eec00000|100%| E|CS|TAMS 0x00000000eeb00000, 0x00000000eeb00000| Complete 
| 236|0x00000000eec00000, 0x00000000eed00000, 0x00000000eed00000|100%| E|CS|TAMS 0x00000000eec00000, 0x00000000eec00000| Complete 
| 237|0x00000000eed00000, 0x00000000eee00000, 0x00000000eee00000|100%| E|CS|TAMS 0x00000000eed00000, 0x00000000eed00000| Complete 
| 238|0x00000000eee00000, 0x00000000eef00000, 0x00000000eef00000|100%| E|CS|TAMS 0x00000000eee00000, 0x00000000eee00000| Complete 
| 239|0x00000000eef00000, 0x00000000ef000000, 0x00000000ef000000|100%| E|CS|TAMS 0x00000000eef00000, 0x00000000eef00000| Complete 
| 240|0x00000000ef000000, 0x00000000ef100000, 0x00000000ef100000|100%| E|  |TAMS 0x00000000ef000000, 0x00000000ef000000| Complete 
| 241|0x00000000ef100000, 0x00000000ef200000, 0x00000000ef200000|100%| E|CS|TAMS 0x00000000ef100000, 0x00000000ef100000| Complete 
| 242|0x00000000ef200000, 0x00000000ef300000, 0x00000000ef300000|100%| E|CS|TAMS 0x00000000ef200000, 0x00000000ef200000| Complete 
| 243|0x00000000ef300000, 0x00000000ef400000, 0x00000000ef400000|100%| E|CS|TAMS 0x00000000ef300000, 0x00000000ef300000| Complete 
| 244|0x00000000ef400000, 0x00000000ef500000, 0x00000000ef500000|100%| E|CS|TAMS 0x00000000ef400000, 0x00000000ef400000| Complete 
| 245|0x00000000ef500000, 0x00000000ef600000, 0x00000000ef600000|100%| E|CS|TAMS 0x00000000ef500000, 0x00000000ef500000| Complete 
| 246|0x00000000ef600000, 0x00000000ef700000, 0x00000000ef700000|100%| E|CS|TAMS 0x00000000ef600000, 0x00000000ef600000| Complete 
| 247|0x00000000ef700000, 0x00000000ef800000, 0x00000000ef800000|100%| E|CS|TAMS 0x00000000ef700000, 0x00000000ef700000| Complete 
| 248|0x00000000ef800000, 0x00000000ef900000, 0x00000000ef900000|100%| E|CS|TAMS 0x00000000ef800000, 0x00000000ef800000| Complete 
| 249|0x00000000ef900000, 0x00000000efa00000, 0x00000000efa00000|100%| E|CS|TAMS 0x00000000ef900000, 0x00000000ef900000| Complete 
| 250|0x00000000efa00000, 0x00000000efb00000, 0x00000000efb00000|100%| E|CS|TAMS 0x00000000efa00000, 0x00000000efa00000| Complete 
| 251|0x00000000efb00000, 0x00000000efc00000, 0x00000000efc00000|100%| E|CS|TAMS 0x00000000efb00000, 0x00000000efb00000| Complete 
| 252|0x00000000efc00000, 0x00000000efd00000, 0x00000000efd00000|100%| E|CS|TAMS 0x00000000efc00000, 0x00000000efc00000| Complete 
| 253|0x00000000efd00000, 0x00000000efe00000, 0x00000000efe00000|100%| E|CS|TAMS 0x00000000efd00000, 0x00000000efd00000| Complete 
| 254|0x00000000efe00000, 0x00000000eff00000, 0x00000000eff00000|100%| E|CS|TAMS 0x00000000efe00000, 0x00000000efe00000| Complete 
| 255|0x00000000eff00000, 0x00000000f0000000, 0x00000000f0000000|100%| E|CS|TAMS 0x00000000eff00000, 0x00000000eff00000| Complete 

Card table byte_map: [0x0000022c56190000,0x0000022c56290000] _byte_map_base: 0x0000022c55a90000

Marking Bits (Prev, Next): (CMBitMap*) 0x0000022c3ee417c0, (CMBitMap*) 0x0000022c3ee41800
 Prev Bits: [0x0000022c56390000, 0x0000022c56b90000)
 Next Bits: [0x0000022c56b90000, 0x0000022c57390000)

Polling page: 0x0000022c3cf80000

Metaspace:

Usage:
  Non-class:     88.37 MB used.
      Class:     13.39 MB used.
       Both:    101.76 MB used.

Virtual space:
  Non-class space:      128.00 MB reserved,      89.38 MB ( 70%) committed,  2 nodes.
      Class space:      308.00 MB reserved,      14.56 MB (  5%) committed,  1 nodes.
             Both:      436.00 MB reserved,     103.94 MB ( 24%) committed. 

Chunk freelists:
   Non-Class:  2.58 MB
       Class:  1.39 MB
        Both:  3.97 MB

MaxMetaspaceSize: 384.00 MB
CompressedClassSpaceSize: 308.00 MB
Initial GC threshold: 21.00 MB
Current GC threshold: 167.94 MB
CDS: on
MetaspaceReclaimPolicy: balanced
 - commit_granule_bytes: 65536.
 - commit_granule_words: 8192.
 - virtual_space_node_default_size: 8388608.
 - enlarge_chunks_in_place: 1.
 - new_chunks_are_fully_committed: 0.
 - uncommit_free_chunks: 1.
 - use_allocation_guard: 0.


Internal statistics:

num_allocs_failed_limit: 21.
num_arena_births: 4192.
num_arena_deaths: 0.
num_vsnodes_births: 3.
num_vsnodes_deaths: 0.
num_space_committed: 1661.
num_space_uncommitted: 0.
num_chunks_returned_to_freelist: 21.
num_chunks_taken_from_freelist: 8793.
num_chunk_merges: 21.
num_chunk_splits: 6101.
num_chunks_enlarged: 4033.
num_inconsistent_stats: 0.

CodeHeap 'non-profiled nmethods': size=120000Kb used=5566Kb max_used=5566Kb free=114433Kb
 bounds [0x0000022c4e830000, 0x0000022c4eda0000, 0x0000022c55d60000]
CodeHeap 'profiled nmethods': size=120000Kb used=20015Kb max_used=20015Kb free=99985Kb
 bounds [0x0000022c46d60000, 0x0000022c480f0000, 0x0000022c4e290000]
CodeHeap 'non-nmethods': size=5760Kb used=2577Kb max_used=2607Kb free=3182Kb
 bounds [0x0000022c4e290000, 0x0000022c4e530000, 0x0000022c4e830000]
 total_blobs=10513 nmethods=9467 adapters=954
 compilation: enabled
              stopped_count=0, restarted_count=0
 full_count=0

Compilation events (20 events):
Event: 28.162 Thread 0x0000022c59e09b00 10914       3       org.jetbrains.kotlin.load.java.structure.impl.classFiles.BinaryJavaMethodBase$Companion::create (572 bytes)
Event: 28.168 Thread 0x0000022c59e09b00 nmethod 10914 0x0000022c480d9d10 code [0x0000022c480da4e0, 0x0000022c480def38]
Event: 28.168 Thread 0x0000022c59e09b00 10913       3       org.jetbrains.kotlin.load.java.structure.impl.classFiles.BinaryJavaMethodBase::<init> (83 bytes)
Event: 28.171 Thread 0x0000022c59e09b00 nmethod 10913 0x0000022c480e0e10 code [0x0000022c480e1220, 0x0000022c480e2d48]
Event: 28.171 Thread 0x0000022c59e09b00 10915       3       org.jetbrains.kotlin.cli.jvm.compiler.KotlinCliJavaFileManagerImpl::findVirtualFileForTopLevelClass (218 bytes)
Event: 28.178 Thread 0x0000022c59e09b00 nmethod 10915 0x0000022c480e3610 code [0x0000022c480e3d00, 0x0000022c480e7268]
Event: 28.178 Thread 0x0000022c63b96a90 nmethod 10878 0x0000022c4ed99890 code [0x0000022c4ed99b60, 0x0000022c4ed9a940]
Event: 28.178 Thread 0x0000022c59e09b00 10916       3       org.jetbrains.kotlin.load.java.structure.impl.classFiles.ClassifierResolutionContext::mapInternalNameToClassId$resolution_common_jvm (102 bytes)
Event: 28.178 Thread 0x0000022c63b96a90 10897       4       java.util.Collections$UnmodifiableCollection::size (10 bytes)
Event: 28.183 Thread 0x0000022c59e09b00 nmethod 10916 0x0000022c480e8610 code [0x0000022c480e8a80, 0x0000022c480ea688]
Event: 28.183 Thread 0x0000022c59e09b00 10918       3       org.jetbrains.kotlin.serialization.deserialization.DeserializationComponents::deserializeClass (19 bytes)
Event: 28.183 Thread 0x0000022c63b96a90 nmethod 10897 0x0000022c4ed9b490 code [0x0000022c4ed9b620, 0x0000022c4ed9b6d8]
Event: 28.184 Thread 0x0000022c63b96a90 10906       4       org.jetbrains.kotlin.types.ClassifierBasedTypeConstructor::equals (103 bytes)
Event: 28.185 Thread 0x0000022c59e09b00 nmethod 10918 0x0000022c480eb090 code [0x0000022c480eb2c0, 0x0000022c480eb948]
Event: 28.185 Thread 0x0000022c59e09b00 10917       1       org.jetbrains.kotlin.serialization.SerializerExtensionProtocol::getTypeAnnotation (5 bytes)
Event: 28.186 Thread 0x0000022c59e09b00 nmethod 10917 0x0000022c4ed9b790 code [0x0000022c4ed9b920, 0x0000022c4ed9b9d8]
Event: 28.186 Thread 0x0000022c59e09b00 10910       1       org.jetbrains.kotlin.load.java.structure.impl.classFiles.BinaryJavaClass::setAccess (6 bytes)
Event: 28.186 Thread 0x0000022c59e09b00 nmethod 10910 0x0000022c4ed9ba90 code [0x0000022c4ed9bc20, 0x0000022c4ed9bcd8]
Event: 28.186 Thread 0x0000022c59e09b00 10919       1       org.jetbrains.kotlin.serialization.deserialization.DeserializationComponents::getAdditionalClassPartsProvider (5 bytes)
Event: 28.186 Thread 0x0000022c59e09b00 nmethod 10919 0x0000022c4ed9bd90 code [0x0000022c4ed9bf20, 0x0000022c4ed9bfd8]

GC Heap History (20 events):
Event: 11.118 GC heap before
{Heap before GC invocations=8 (full 0):
 garbage-first heap   total 262144K, used 162558K [0x00000000e0000000, 0x0000000100000000)
  region size 1024K, 109 young (111616K), 2 survivors (2048K)
 Metaspace       used 44547K, committed 46080K, reserved 380928K
  class space    used 6072K, committed 6848K, reserved 315392K
}
Event: 11.140 GC heap after
{Heap after GC invocations=9 (full 0):
 garbage-first heap   total 262144K, used 55382K [0x00000000e0000000, 0x0000000100000000)
  region size 1024K, 10 young (10240K), 10 survivors (10240K)
 Metaspace       used 44547K, committed 46080K, reserved 380928K
  class space    used 6072K, committed 6848K, reserved 315392K
}
Event: 11.216 GC heap before
{Heap before GC invocations=9 (full 0):
 garbage-first heap   total 262144K, used 57430K [0x00000000e0000000, 0x0000000100000000)
  region size 1024K, 12 young (12288K), 10 survivors (10240K)
 Metaspace       used 44760K, committed 46272K, reserved 380928K
  class space    used 6114K, committed 6912K, reserved 315392K
}
Event: 11.235 GC heap after
{Heap after GC invocations=10 (full 0):
 garbage-first heap   total 262144K, used 55788K [0x00000000e0000000, 0x0000000100000000)
  region size 1024K, 2 young (2048K), 2 survivors (2048K)
 Metaspace       used 44760K, committed 46272K, reserved 380928K
  class space    used 6114K, committed 6912K, reserved 315392K
}
Event: 13.781 GC heap before
{Heap before GC invocations=10 (full 0):
 garbage-first heap   total 262144K, used 169452K [0x00000000e0000000, 0x0000000100000000)
  region size 1024K, 114 young (116736K), 2 survivors (2048K)
 Metaspace       used 57088K, committed 58944K, reserved 380928K
  class space    used 8036K, committed 9024K, reserved 315392K
}
Event: 13.789 GC heap after
{Heap after GC invocations=11 (full 0):
 garbage-first heap   total 262144K, used 61740K [0x00000000e0000000, 0x0000000100000000)
  region size 1024K, 7 young (7168K), 7 survivors (7168K)
 Metaspace       used 57088K, committed 58944K, reserved 380928K
  class space    used 8036K, committed 9024K, reserved 315392K
}
Event: 14.202 GC heap before
{Heap before GC invocations=11 (full 0):
 garbage-first heap   total 262144K, used 88364K [0x00000000e0000000, 0x0000000100000000)
  region size 1024K, 27 young (27648K), 7 survivors (7168K)
 Metaspace       used 59527K, committed 61376K, reserved 380928K
  class space    used 8336K, committed 9344K, reserved 315392K
}
Event: 14.213 GC heap after
{Heap after GC invocations=12 (full 0):
 garbage-first heap   total 262144K, used 69970K [0x00000000e0000000, 0x0000000100000000)
  region size 1024K, 8 young (8192K), 8 survivors (8192K)
 Metaspace       used 59527K, committed 61376K, reserved 380928K
  class space    used 8336K, committed 9344K, reserved 315392K
}
Event: 20.397 GC heap before
{Heap before GC invocations=13 (full 0):
 garbage-first heap   total 262144K, used 190802K [0x00000000e0000000, 0x0000000100000000)
  region size 1024K, 126 young (129024K), 8 survivors (8192K)
 Metaspace       used 66379K, committed 68288K, reserved 380928K
  class space    used 9528K, committed 10560K, reserved 315392K
}
Event: 20.405 GC heap after
{Heap after GC invocations=14 (full 0):
 garbage-first heap   total 262144K, used 64108K [0x00000000e0000000, 0x0000000100000000)
  region size 1024K, 10 young (10240K), 10 survivors (10240K)
 Metaspace       used 66379K, committed 68288K, reserved 380928K
  class space    used 9528K, committed 10560K, reserved 315392K
}
Event: 20.415 GC heap before
{Heap before GC invocations=14 (full 0):
 garbage-first heap   total 262144K, used 66156K [0x00000000e0000000, 0x0000000100000000)
  region size 1024K, 12 young (12288K), 10 survivors (10240K)
 Metaspace       used 66379K, committed 68288K, reserved 380928K
  class space    used 9528K, committed 10560K, reserved 315392K
}
Event: 20.424 GC heap after
{Heap after GC invocations=15 (full 0):
 garbage-first heap   total 262144K, used 63831K [0x00000000e0000000, 0x0000000100000000)
  region size 1024K, 1 young (1024K), 1 survivors (1024K)
 Metaspace       used 66379K, committed 68288K, reserved 380928K
  class space    used 9528K, committed 10560K, reserved 315392K
}
Event: 21.943 GC heap before
{Heap before GC invocations=15 (full 0):
 garbage-first heap   total 262144K, used 197975K [0x00000000e0000000, 0x0000000100000000)
  region size 1024K, 133 young (136192K), 1 survivors (1024K)
 Metaspace       used 73897K, committed 75776K, reserved 380928K
  class space    used 10442K, committed 11456K, reserved 315392K
}
Event: 21.950 GC heap after
{Heap after GC invocations=16 (full 0):
 garbage-first heap   total 262144K, used 64954K [0x00000000e0000000, 0x0000000100000000)
  region size 1024K, 2 young (2048K), 2 survivors (2048K)
 Metaspace       used 73897K, committed 75776K, reserved 380928K
  class space    used 10442K, committed 11456K, reserved 315392K
}
Event: 24.258 GC heap before
{Heap before GC invocations=16 (full 0):
 garbage-first heap   total 262144K, used 220602K [0x00000000e0000000, 0x0000000100000000)
  region size 1024K, 140 young (143360K), 2 survivors (2048K)
 Metaspace       used 86898K, committed 89024K, reserved 446464K
  class space    used 11803K, committed 12928K, reserved 315392K
}
Event: 24.275 GC heap after
{Heap after GC invocations=17 (full 0):
 garbage-first heap   total 262144K, used 90149K [0x00000000e0000000, 0x0000000100000000)
  region size 1024K, 18 young (18432K), 18 survivors (18432K)
 Metaspace       used 86898K, committed 89024K, reserved 446464K
  class space    used 11803K, committed 12928K, reserved 315392K
}
Event: 26.269 GC heap before
{Heap before GC invocations=17 (full 0):
 garbage-first heap   total 262144K, used 202789K [0x00000000e0000000, 0x0000000100000000)
  region size 1024K, 127 young (130048K), 18 survivors (18432K)
 Metaspace       used 97132K, committed 99392K, reserved 446464K
  class space    used 13016K, committed 14208K, reserved 315392K
}
Event: 26.300 GC heap after
{Heap after GC invocations=18 (full 0):
 garbage-first heap   total 262144K, used 97887K [0x00000000e0000000, 0x0000000100000000)
  region size 1024K, 9 young (9216K), 9 survivors (9216K)
 Metaspace       used 97132K, committed 99392K, reserved 446464K
  class space    used 13016K, committed 14208K, reserved 315392K
}
Event: 27.424 GC heap before
{Heap before GC invocations=18 (full 0):
 garbage-first heap   total 262144K, used 155231K [0x00000000e0000000, 0x0000000100000000)
  region size 1024K, 66 young (67584K), 9 survivors (9216K)
 Metaspace       used 100802K, committed 103040K, reserved 446464K
  class space    used 13370K, committed 14592K, reserved 315392K
}
Event: 27.433 GC heap after
{Heap after GC invocations=19 (full 0):
 garbage-first heap   total 262144K, used 101472K [0x00000000e0000000, 0x0000000100000000)
  region size 1024K, 12 young (12288K), 12 survivors (12288K)
 Metaspace       used 100802K, committed 103040K, reserved 446464K
  class space    used 13370K, committed 14592K, reserved 315392K
}

Dll operation events (15 events):
Event: 0.015 Loaded shared library C:\Users\wcham\.jdks\openjdk-19\bin\java.dll
Event: 0.031 Loaded shared library C:\Users\wcham\.jdks\openjdk-19\bin\jsvml.dll
Event: 0.150 Loaded shared library C:\Users\wcham\.jdks\openjdk-19\bin\zip.dll
Event: 0.155 Loaded shared library C:\Users\wcham\.jdks\openjdk-19\bin\instrument.dll
Event: 0.236 Loaded shared library C:\Users\wcham\.jdks\openjdk-19\bin\net.dll
Event: 0.243 Loaded shared library C:\Users\wcham\.jdks\openjdk-19\bin\nio.dll
Event: 0.269 Loaded shared library C:\Users\wcham\.jdks\openjdk-19\bin\zip.dll
Event: 0.669 Loaded shared library C:\Users\wcham\.jdks\openjdk-19\bin\jimage.dll
Event: 0.754 Loaded shared library C:\Users\wcham\.jdks\openjdk-19\bin\verify.dll
Event: 0.997 Loaded shared library C:\Users\wcham\.gradle\native\c067742578af261105cb4f569cf0c3c89f3d7b1fecec35dd04571415982c5e48\windows-amd64\native-platform.dll
Event: 1.002 Loaded shared library C:\Users\wcham\.gradle\native\38dada09dfb8b06ba9b0570ebf7e218e3eb74d4ef43ca46872605cf95ebc2f47\windows-amd64\native-platform-file-events.dll
Event: 2.387 Loaded shared library C:\Users\wcham\.jdks\openjdk-19\bin\management.dll
Event: 2.396 Loaded shared library C:\Users\wcham\.jdks\openjdk-19\bin\management_ext.dll
Event: 3.260 Loaded shared library C:\Users\wcham\.jdks\openjdk-19\bin\extnet.dll
Event: 3.804 Loaded shared library C:\Users\wcham\.jdks\openjdk-19\bin\sunmscapi.dll

Deoptimization events (20 events):
Event: 28.121 Thread 0x0000022c5fd36100 Uncommon trap: trap_request=0xffffffde fr.pc=0x0000022c4ed0477c relative=0x0000000000000efc
Event: 28.121 Thread 0x0000022c5fd36100 Uncommon trap: reason=class_check action=maybe_recompile pc=0x0000022c4ed0477c method=org.jetbrains.kotlin.storage.LockBasedStorageManager$LockBasedLazyValue.invoke()Ljava/lang/Object; @ 24 c2
Event: 28.121 Thread 0x0000022c5fd36100 DEOPT PACKING pc=0x0000022c4ed0477c sp=0x000000cf2d3f4c40
Event: 28.121 Thread 0x0000022c5fd36100 DEOPT UNPACKING pc=0x0000022c4e2f6da3 sp=0x000000cf2d3f49d0 mode 2
Event: 28.126 Thread 0x0000022c5fd36100 Uncommon trap: trap_request=0xffffffde fr.pc=0x0000022c4ecb5310 relative=0x0000000000000410
Event: 28.126 Thread 0x0000022c5fd36100 Uncommon trap: reason=class_check action=maybe_recompile pc=0x0000022c4ecb5310 method=org.jetbrains.kotlin.storage.LockBasedStorageManager$LockBasedLazyValue.invoke()Ljava/lang/Object; @ 24 c2
Event: 28.126 Thread 0x0000022c5fd36100 DEOPT PACKING pc=0x0000022c4ecb5310 sp=0x000000cf2d3f4940
Event: 28.126 Thread 0x0000022c5fd36100 DEOPT UNPACKING pc=0x0000022c4e2f6da3 sp=0x000000cf2d3f4880 mode 2
Event: 28.126 Thread 0x0000022c5fd36100 Uncommon trap: trap_request=0xffffffde fr.pc=0x0000022c4ecac9fc relative=0x000000000000031c
Event: 28.126 Thread 0x0000022c5fd36100 Uncommon trap: reason=class_check action=maybe_recompile pc=0x0000022c4ecac9fc method=org.jetbrains.kotlin.storage.LockBasedStorageManager$LockBasedLazyValue.invoke()Ljava/lang/Object; @ 24 c2
Event: 28.126 Thread 0x0000022c5fd36100 DEOPT PACKING pc=0x0000022c4ecac9fc sp=0x000000cf2d3f4500
Event: 28.126 Thread 0x0000022c5fd36100 DEOPT UNPACKING pc=0x0000022c4e2f6da3 sp=0x000000cf2d3f44a0 mode 2
Event: 28.136 Thread 0x0000022c5fd36100 Uncommon trap: trap_request=0xffffff45 fr.pc=0x0000022c4ed55e54 relative=0x0000000000000314
Event: 28.136 Thread 0x0000022c5fd36100 Uncommon trap: reason=unstable_if action=reinterpret pc=0x0000022c4ed55e54 method=org.jetbrains.org.objectweb.asm.Type.getTypeInternal(Ljava/lang/String;II)Lorg/jetbrains/org/objectweb/asm/Type; @ 5 c2
Event: 28.136 Thread 0x0000022c5fd36100 DEOPT PACKING pc=0x0000022c4ed55e54 sp=0x000000cf2d3f3f70
Event: 28.136 Thread 0x0000022c5fd36100 DEOPT UNPACKING pc=0x0000022c4e2f6da3 sp=0x000000cf2d3f3f08 mode 2
Event: 28.136 Thread 0x0000022c5fd36100 Uncommon trap: trap_request=0xffffff45 fr.pc=0x0000022c4ed88b28 relative=0x0000000000001468
Event: 28.136 Thread 0x0000022c5fd36100 Uncommon trap: reason=unstable_if action=reinterpret pc=0x0000022c4ed88b28 method=org.jetbrains.kotlin.load.java.structure.impl.classFiles.BinaryClassSignatureParser.parseTypeWithoutVarianceAndArray(Ljava/text/CharacterIterator;Lorg/jetbrains/kotlin/load/
Event: 28.136 Thread 0x0000022c5fd36100 DEOPT PACKING pc=0x0000022c4ed88b28 sp=0x000000cf2d3f3f40
Event: 28.136 Thread 0x0000022c5fd36100 DEOPT UNPACKING pc=0x0000022c4e2f6da3 sp=0x000000cf2d3f3e40 mode 2

Classes loaded (20 events):
Event: 22.385 Loading class java/io/UTFDataFormatException
Event: 22.385 Loading class java/io/UTFDataFormatException done
Event: 22.695 Loading class java/nio/channels/Channels$ReadableByteChannelImpl
Event: 22.695 Loading class java/nio/channels/Channels$ReadableByteChannelImpl done
Event: 22.696 Loading class java/nio/channels/NonWritableChannelException
Event: 22.696 Loading class java/nio/channels/NonWritableChannelException done
Event: 24.804 Loading class java/text/StringCharacterIterator
Event: 24.804 Loading class java/text/CharacterIterator
Event: 24.804 Loading class java/text/CharacterIterator done
Event: 24.804 Loading class java/text/StringCharacterIterator done
Event: 24.835 Loading class java/io/NotSerializableException
Event: 24.835 Loading class java/io/NotSerializableException done
Event: 24.911 Loading class java/util/AbstractList$ListItr
Event: 24.911 Loading class java/util/AbstractList$ListItr done
Event: 25.302 Loading class java/util/AbstractList$SubList
Event: 25.302 Loading class java/util/AbstractList$SubList done
Event: 25.302 Loading class java/util/AbstractList$SubList$1
Event: 25.302 Loading class java/util/AbstractList$SubList$1 done
Event: 26.564 Loading class java/util/AbstractList$RandomAccessSubList
Event: 26.564 Loading class java/util/AbstractList$RandomAccessSubList done

Classes unloaded (0 events):
No events

Classes redefined (0 events):
No events

Internal exceptions (20 events):
Event: 21.211 Thread 0x0000022c5fd36100 Exception <a 'java/lang/NoSuchMethodError'{0x00000000e96bc618}: 'void java.lang.invoke.DelegatingMethodHandle$Holder.reinvoke_L(java.lang.Object, java.lang.Object, java.lang.Object, long, java.lang.Object)'> (0x00000000e96bc618) 
thrown [s\open\src\hotspot\share\interpreter\linkResolver.cpp, line 774]
Event: 21.211 Thread 0x0000022c5fd36100 Exception <a 'java/lang/NoSuchMethodError'{0x00000000e96c50f0}: 'java.lang.Object java.lang.invoke.DirectMethodHandle$Holder.invokeSpecial(java.lang.Object, java.lang.Object, java.lang.Object, java.lang.Object, long)'> (0x00000000e96c50f0) 
thrown [s\open\src\hotspot\share\interpreter\linkResolver.cpp, line 774]
Event: 21.212 Thread 0x0000022c5fd36100 Exception <a 'java/lang/NoSuchMethodError'{0x00000000e96d5da0}: 'int java.lang.invoke.DelegatingMethodHandle$Holder.reinvoke_L(java.lang.Object, java.lang.Object, java.lang.Object, long, java.lang.Object, java.lang.Object)'> (0x00000000e96d5da0) 
thrown [s\open\src\hotspot\share\interpreter\linkResolver.cpp, line 774]
Event: 21.213 Thread 0x0000022c5fd36100 Exception <a 'java/lang/NoSuchMethodError'{0x00000000e96e5ea8}: 'int java.lang.invoke.DelegatingMethodHandle$Holder.reinvoke_L(java.lang.Object, java.lang.Object, java.lang.Object, long, int, int)'> (0x00000000e96e5ea8) 
thrown [s\open\src\hotspot\share\interpreter\linkResolver.cpp, line 774]
Event: 21.213 Thread 0x0000022c5fd36100 Exception <a 'java/lang/NoSuchMethodError'{0x00000000e96f5d60}: 'int java.lang.invoke.DelegatingMethodHandle$Holder.reinvoke_L(java.lang.Object, java.lang.Object, java.lang.Object, long, long, long)'> (0x00000000e96f5d60) 
thrown [s\open\src\hotspot\share\interpreter\linkResolver.cpp, line 774]
Event: 21.214 Thread 0x0000022c5fd36100 Exception <a 'java/lang/NoSuchMethodError'{0x00000000e9506108}: 'int java.lang.invoke.DelegatingMethodHandle$Holder.reinvoke_L(java.lang.Object, java.lang.Object, java.lang.Object, long, int)'> (0x00000000e9506108) 
thrown [s\open\src\hotspot\share\interpreter\linkResolver.cpp, line 774]
Event: 22.307 Thread 0x0000022c5fd36100 Exception <a 'java/lang/NoSuchMethodError'{0x00000000ef6dd0d0}: 'int java.lang.invoke.DirectMethodHandle$Holder.invokeSpecial(java.lang.Object, java.lang.Object, int, int)'> (0x00000000ef6dd0d0) 
thrown [s\open\src\hotspot\share\interpreter\linkResolver.cpp, line 774]
Event: 22.324 Thread 0x0000022c5fd36100 Exception <a 'java/lang/NoSuchMethodError'{0x00000000ef569af8}: 'java.lang.Object java.lang.invoke.Invokers$Holder.invokeExact_MT(java.lang.Object, java.lang.Object, long, java.lang.Object)'> (0x00000000ef569af8) 
thrown [s\open\src\hotspot\share\interpreter\linkResolver.cpp, line 774]
Event: 22.380 Thread 0x0000022c5fd36100 Exception <a 'java/lang/NoSuchMethodError'{0x00000000ef3be178}: 'long java.lang.invoke.DirectMethodHandle$Holder.invokeStatic(java.lang.Object, java.lang.Object, int)'> (0x00000000ef3be178) 
thrown [s\open\src\hotspot\share\interpreter\linkResolver.cpp, line 774]
Event: 22.381 Thread 0x0000022c5fd36100 Exception <a 'java/lang/NoSuchMethodError'{0x00000000ef3cb058}: 'java.lang.Object java.lang.invoke.DelegatingMethodHandle$Holder.reinvoke_L(java.lang.Object, int, long, java.lang.Object, java.lang.Object, int, java.lang.Object)'> (0x00000000ef3cb058) 
thrown [s\open\src\hotspot\share\interpreter\linkResolver.cpp, line 774]
Event: 22.383 Thread 0x0000022c5fd36100 Implicit null exception at 0x0000022c4ec45be4 to 0x0000022c4ec45d54
Event: 22.608 Thread 0x0000022c5fd36100 Implicit null exception at 0x0000022c4ec62100 to 0x0000022c4ec62744
Event: 22.635 Thread 0x0000022c5fd36100 Implicit null exception at 0x0000022c4ec6a0a5 to 0x0000022c4ec6bbb8
Event: 24.164 Thread 0x0000022c5fd36100 Exception <a 'java/lang/NoSuchMethodError'{0x00000000e7de8218}: 'java.lang.Object java.lang.invoke.DirectMethodHandle$Holder.newInvokeSpecial(java.lang.Object, java.lang.Object, java.lang.Object, java.lang.Object, java.lang.Object, java.lang.Object, java.lang.Object, java.lang.Object, java.lang.Object, java.lang.Object, java.lang.Object, java.lang.Object, java.lang.Object, java.lang.Object, java.lang.Object, java.lang.Object, java.lang.Object, java.lang.Object, java.lang.Object, java.lang.Object, java.lang
Event: 24.187 Thread 0x0000022c5fd36100 Exception <a 'java/lang/NoSuchMethodError'{0x00000000e7be3d68}: 'java.lang.Object java.lang.invoke.DirectMethodHandle$Holder.newInvokeSpecial(java.lang.Object, java.lang.Object, java.lang.Object, java.lang.Object, java.lang.Object, java.lang.Object, java.lang.Object, java.lang.Object, java.lang.Object, java.lang.Object, java.lang.Object, java.lang.Object, java.lang.Object, java.lang.Object, java.lang.Object, java.lang.Object, java.lang.Object, java.lang.Object, java.lang.Object, java.lang.Object)'> (0x0000
Event: 24.326 Thread 0x0000022c5fd36100 Exception <a 'java/lang/NoSuchMethodError'{0x00000000efc73700}: 'java.lang.Object java.lang.invoke.DirectMethodHandle$Holder.newInvokeSpecial(java.lang.Object, java.lang.Object, java.lang.Object, java.lang.Object, java.lang.Object, java.lang.Object, java.lang.Object, java.lang.Object, java.lang.Object, java.lang.Object, java.lang.Object, java.lang.Object, java.lang.Object, java.lang.Object, java.lang.Object, java.lang.Object, java.lang.Object, java.lang.Object)'> (0x00000000efc73700) 
thrown [s\open\src\ho
Event: 24.327 Thread 0x0000022c5fd36100 Exception <a 'java/lang/NoSuchMethodError'{0x00000000efc7aca8}: 'java.lang.Object java.lang.invoke.DirectMethodHandle$Holder.invokeSpecial(java.lang.Object, java.lang.Object, java.lang.Object, java.lang.Object, java.lang.Object, java.lang.Object, java.lang.Object, java.lang.Object, java.lang.Object, java.lang.Object, java.lang.Object, java.lang.Object, java.lang.Object, java.lang.Object, java.lang.Object, java.lang.Object, java.lang.Object, java.lang.Object, java.lang.Object)'> (0x00000000efc7aca8) 
thrown
Event: 24.327 Thread 0x0000022c5fd36100 Exception <a 'java/lang/NoSuchMethodError'{0x00000000efc81500}: 'java.lang.Object java.lang.invoke.DelegatingMethodHandle$Holder.reinvoke_L(java.lang.Object, java.lang.Object, java.lang.Object, java.lang.Object, java.lang.Object, java.lang.Object, java.lang.Object, java.lang.Object, java.lang.Object, java.lang.Object, java.lang.Object, java.lang.Object, java.lang.Object, java.lang.Object, java.lang.Object, java.lang.Object, java.lang.Object, java.lang.Object)'> (0x00000000efc81500) 
thrown [s\open\src\hots
Event: 24.338 Thread 0x0000022c5fd36100 Exception <a 'java/lang/NoSuchMethodError'{0x00000000efb1d1e8}: 'java.lang.Object java.lang.invoke.DirectMethodHandle$Holder.newInvokeSpecial(java.lang.Object, java.lang.Object, java.lang.Object, java.lang.Object, java.lang.Object, java.lang.Object, java.lang.Object, java.lang.Object, java.lang.Object, java.lang.Object, java.lang.Object, java.lang.Object, java.lang.Object, java.lang.Object, java.lang.Object, java.lang.Object, java.lang.Object, java.lang.Object, java.lang.Object, java.lang.Object, java.lang
Event: 26.683 Thread 0x0000022c5fd36100 Exception <a 'java/lang/IncompatibleClassChangeError'{0x00000000edfee2c8}: Found class java.lang.Object, but interface was expected> (0x00000000edfee2c8) 
thrown [s\open\src\hotspot\share\interpreter\linkResolver.cpp, line 841]

VM Operations (20 events):
Event: 27.083 Executing VM operation: HandshakeAllThreads
Event: 27.083 Executing VM operation: HandshakeAllThreads done
Event: 27.278 Executing VM operation: ICBufferFull
Event: 27.278 Executing VM operation: ICBufferFull done
Event: 27.423 Executing VM operation: CollectForMetadataAllocation
Event: 27.434 Executing VM operation: CollectForMetadataAllocation done
Event: 27.531 Executing VM operation: ICBufferFull
Event: 27.531 Executing VM operation: ICBufferFull done
Event: 27.541 Executing VM operation: G1PauseRemark
Event: 27.548 Executing VM operation: G1PauseRemark done
Event: 27.588 Executing VM operation: G1PauseCleanup
Event: 27.588 Executing VM operation: G1PauseCleanup done
Event: 28.040 Executing VM operation: HandshakeAllThreads
Event: 28.040 Executing VM operation: HandshakeAllThreads done
Event: 28.045 Executing VM operation: HandshakeAllThreads
Event: 28.045 Executing VM operation: HandshakeAllThreads done
Event: 28.075 Executing VM operation: HandshakeAllThreads
Event: 28.076 Executing VM operation: HandshakeAllThreads done
Event: 28.127 Executing VM operation: ICBufferFull
Event: 28.127 Executing VM operation: ICBufferFull done

Events (20 events):
Event: 22.670 Thread 0x0000022c59e0e490 flushing nmethod 0x0000022c47b1e190
Event: 22.670 Thread 0x0000022c59e0e490 flushing nmethod 0x0000022c47b22590
Event: 22.670 Thread 0x0000022c59e0e490 flushing nmethod 0x0000022c47b23890
Event: 22.914 Thread 0x0000022c609f16f0 Thread exited: 0x0000022c609f16f0
Event: 22.936 Thread 0x0000022c609f5420 Thread exited: 0x0000022c609f5420
Event: 23.283 Thread 0x0000022c609f3de0 Thread added: 0x0000022c609f3de0
Event: 23.969 Thread 0x0000022c609f3de0 Thread exited: 0x0000022c609f3de0
Event: 24.213 Thread 0x0000022c609f4370 Thread added: 0x0000022c609f4370
Event: 24.219 Thread 0x0000022c609f16f0 Thread added: 0x0000022c609f16f0
Event: 26.840 Thread 0x0000022c59e0e490 flushing nmethod 0x0000022c4ec53290
Event: 26.840 Thread 0x0000022c59e0e490 flushing nmethod 0x0000022c4ec54c10
Event: 26.840 Thread 0x0000022c59e0e490 flushing nmethod 0x0000022c4ec5ab90
Event: 26.840 Thread 0x0000022c59e0e490 flushing nmethod 0x0000022c4ec5c590
Event: 26.840 Thread 0x0000022c59e0e490 flushing nmethod 0x0000022c4ec67c90
Event: 26.848 Thread 0x0000022c59e0e490 flushing nmethod 0x0000022c4758bc90
Event: 26.852 Thread 0x0000022c59e0e490 flushing nmethod 0x0000022c47b19990
Event: 26.852 Thread 0x0000022c59e0e490 flushing nmethod 0x0000022c47b1c210
Event: 27.730 Thread 0x0000022c609f16f0 Thread exited: 0x0000022c609f16f0
Event: 27.732 Thread 0x0000022c609f4370 Thread exited: 0x0000022c609f4370
Event: 28.118 Thread 0x0000022c63b96a90 Thread added: 0x0000022c63b96a90


Dynamic libraries:
0x00007ff7bed90000 - 0x00007ff7bed9e000 	C:\Users\wcham\.jdks\openjdk-19\bin\java.exe
0x00007ffc50770000 - 0x00007ffc50987000 	C:\WINDOWS\SYSTEM32\ntdll.dll
0x00007ffc4f2c0000 - 0x00007ffc4f384000 	C:\WINDOWS\System32\KERNEL32.DLL
0x00007ffc4dd60000 - 0x00007ffc4e105000 	C:\WINDOWS\System32\KERNELBASE.dll
0x00007ffc4dba0000 - 0x00007ffc4dcb1000 	C:\WINDOWS\System32\ucrtbase.dll
0x00007ffc383f0000 - 0x00007ffc38407000 	C:\Users\wcham\.jdks\openjdk-19\bin\jli.dll
0x00007ffc38480000 - 0x00007ffc3849b000 	C:\Users\wcham\.jdks\openjdk-19\bin\VCRUNTIME140.dll
0x00007ffc4e910000 - 0x00007ffc4eabe000 	C:\WINDOWS\System32\USER32.dll
0x00007ffc34940000 - 0x00007ffc34bd3000 	C:\WINDOWS\WinSxS\amd64_microsoft.windows.common-controls_6595b64144ccf1df_6.0.22621.2506_none_270c5ae97388e100\COMCTL32.dll
0x00007ffc4dd30000 - 0x00007ffc4dd56000 	C:\WINDOWS\System32\win32u.dll
0x00007ffc50680000 - 0x00007ffc50727000 	C:\WINDOWS\System32\msvcrt.dll
0x00007ffc4ecc0000 - 0x00007ffc4ece9000 	C:\WINDOWS\System32\GDI32.dll
0x00007ffc4e3a0000 - 0x00007ffc4e4b9000 	C:\WINDOWS\System32\gdi32full.dll
0x00007ffc4e190000 - 0x00007ffc4e22a000 	C:\WINDOWS\System32\msvcp_win.dll
0x00007ffc4ef30000 - 0x00007ffc4ef61000 	C:\WINDOWS\System32\IMM32.DLL
0x00007ffc457f0000 - 0x00007ffc457fc000 	C:\Users\wcham\.jdks\openjdk-19\bin\vcruntime140_1.dll
0x00007ffc38120000 - 0x00007ffc381ae000 	C:\Users\wcham\.jdks\openjdk-19\bin\msvcp140.dll
0x00007ffb8acc0000 - 0x00007ffb8b980000 	C:\Users\wcham\.jdks\openjdk-19\bin\server\jvm.dll
0x00007ffc4e4c0000 - 0x00007ffc4e571000 	C:\WINDOWS\System32\ADVAPI32.dll
0x00007ffc50030000 - 0x00007ffc500d6000 	C:\WINDOWS\System32\sechost.dll
0x00007ffc50560000 - 0x00007ffc50677000 	C:\WINDOWS\System32\RPCRT4.dll
0x00007ffc40cb0000 - 0x00007ffc40ce4000 	C:\WINDOWS\SYSTEM32\WINMM.dll
0x00007ffc222c0000 - 0x00007ffc222c9000 	C:\WINDOWS\SYSTEM32\WSOCK32.dll
0x00007ffc3ae10000 - 0x00007ffc3ae1a000 	C:\WINDOWS\SYSTEM32\VERSION.dll
0x00007ffc4eeb0000 - 0x00007ffc4ef21000 	C:\WINDOWS\System32\WS2_32.dll
0x00007ffc4ca50000 - 0x00007ffc4ca68000 	C:\WINDOWS\SYSTEM32\kernel.appcore.dll
0x00007ffc3b6b0000 - 0x00007ffc3b6ba000 	C:\Users\wcham\.jdks\openjdk-19\bin\jimage.dll
0x00007ffc47ec0000 - 0x00007ffc480f3000 	C:\WINDOWS\SYSTEM32\DBGHELP.DLL
0x00007ffc4e580000 - 0x00007ffc4e909000 	C:\WINDOWS\System32\combase.dll
0x00007ffc4f160000 - 0x00007ffc4f237000 	C:\WINDOWS\System32\OLEAUT32.dll
0x00007ffc30a40000 - 0x00007ffc30a72000 	C:\WINDOWS\SYSTEM32\dbgcore.DLL
0x00007ffc4e110000 - 0x00007ffc4e18a000 	C:\WINDOWS\System32\bcryptPrimitives.dll
0x00007ffc383a0000 - 0x00007ffc383ae000 	C:\Users\wcham\.jdks\openjdk-19\bin\instrument.dll
0x00007ffc38370000 - 0x00007ffc38396000 	C:\Users\wcham\.jdks\openjdk-19\bin\java.dll
0x00007ffc0d450000 - 0x00007ffc0d527000 	C:\Users\wcham\.jdks\openjdk-19\bin\jsvml.dll
0x00007ffc4f520000 - 0x00007ffc4fd79000 	C:\WINDOWS\System32\SHELL32.dll
0x00007ffc4b9b0000 - 0x00007ffc4c2a4000 	C:\WINDOWS\SYSTEM32\windows.storage.dll
0x00007ffc4b870000 - 0x00007ffc4b9ae000 	C:\WINDOWS\SYSTEM32\wintypes.dll
0x00007ffc4fd80000 - 0x00007ffc4fe73000 	C:\WINDOWS\System32\SHCORE.dll
0x00007ffc4f4b0000 - 0x00007ffc4f50e000 	C:\WINDOWS\System32\shlwapi.dll
0x00007ffc4da10000 - 0x00007ffc4da36000 	C:\WINDOWS\SYSTEM32\profapi.dll
0x00007ffc38310000 - 0x00007ffc38328000 	C:\Users\wcham\.jdks\openjdk-19\bin\zip.dll
0x00007ffc38100000 - 0x00007ffc38113000 	C:\Users\wcham\.jdks\openjdk-19\bin\net.dll
0x00007ffc431c0000 - 0x00007ffc432f7000 	C:\WINDOWS\SYSTEM32\WINHTTP.dll
0x00007ffc4cf40000 - 0x00007ffc4cfa9000 	C:\WINDOWS\system32\mswsock.dll
0x00007ffc38090000 - 0x00007ffc380a6000 	C:\Users\wcham\.jdks\openjdk-19\bin\nio.dll
0x00007ffc38200000 - 0x00007ffc38210000 	C:\Users\wcham\.jdks\openjdk-19\bin\verify.dll
0x00007ffc384c0000 - 0x00007ffc384e7000 	C:\Users\wcham\.gradle\native\c067742578af261105cb4f569cf0c3c89f3d7b1fecec35dd04571415982c5e48\windows-amd64\native-platform.dll
0x00007ffc37ed0000 - 0x00007ffc38014000 	C:\Users\wcham\.gradle\native\38dada09dfb8b06ba9b0570ebf7e218e3eb74d4ef43ca46872605cf95ebc2f47\windows-amd64\native-platform-file-events.dll
0x00007ffc38080000 - 0x00007ffc3808a000 	C:\Users\wcham\.jdks\openjdk-19\bin\management.dll
0x00007ffc38070000 - 0x00007ffc3807b000 	C:\Users\wcham\.jdks\openjdk-19\bin\management_ext.dll
0x00007ffc4f510000 - 0x00007ffc4f518000 	C:\WINDOWS\System32\PSAPI.DLL
0x00007ffc4d1b0000 - 0x00007ffc4d1cb000 	C:\WINDOWS\SYSTEM32\CRYPTSP.dll
0x00007ffc4ca10000 - 0x00007ffc4ca45000 	C:\WINDOWS\system32\rsaenh.dll
0x00007ffc4d030000 - 0x00007ffc4d05c000 	C:\WINDOWS\SYSTEM32\USERENV.dll
0x00007ffc4d410000 - 0x00007ffc4d438000 	C:\WINDOWS\SYSTEM32\bcrypt.dll
0x00007ffc4d1d0000 - 0x00007ffc4d1dc000 	C:\WINDOWS\SYSTEM32\CRYPTBASE.dll
0x00007ffc4c510000 - 0x00007ffc4c53d000 	C:\WINDOWS\SYSTEM32\IPHLPAPI.DLL
0x00007ffc4f490000 - 0x00007ffc4f499000 	C:\WINDOWS\System32\NSI.dll
0x00007ffc42580000 - 0x00007ffc42599000 	C:\WINDOWS\SYSTEM32\dhcpcsvc6.DLL
0x00007ffc42560000 - 0x00007ffc4257f000 	C:\WINDOWS\SYSTEM32\dhcpcsvc.DLL
0x00007ffc4c580000 - 0x00007ffc4c679000 	C:\WINDOWS\SYSTEM32\DNSAPI.dll
0x00007ffc38030000 - 0x00007ffc38038000 	C:\Users\wcham\.jdks\openjdk-19\bin\extnet.dll
0x00007ffc38020000 - 0x00007ffc3802e000 	C:\Users\wcham\.jdks\openjdk-19\bin\sunmscapi.dll
0x00007ffc4e230000 - 0x00007ffc4e396000 	C:\WINDOWS\System32\CRYPT32.dll
0x00007ffc4d3e0000 - 0x00007ffc4d40d000 	C:\WINDOWS\SYSTEM32\ncrypt.dll
0x00007ffc4d3a0000 - 0x00007ffc4d3d7000 	C:\WINDOWS\SYSTEM32\NTASN1.dll
0x00007ffc40dd0000 - 0x00007ffc40dd8000 	C:\WINDOWS\system32\wshunix.dll

dbghelp: loaded successfully - version: 4.0.5 - missing functions: none
symbol engine: initialized successfully - sym options: 0x614 - pdb path: .;C:\Users\wcham\.jdks\openjdk-19\bin;C:\WINDOWS\SYSTEM32;C:\WINDOWS\WinSxS\amd64_microsoft.windows.common-controls_6595b64144ccf1df_6.0.22621.2506_none_270c5ae97388e100;C:\Users\wcham\.jdks\openjdk-19\bin\server;C:\Users\wcham\.gradle\native\c067742578af261105cb4f569cf0c3c89f3d7b1fecec35dd04571415982c5e48\windows-amd64;C:\Users\wcham\.gradle\native\38dada09dfb8b06ba9b0570ebf7e218e3eb74d4ef43ca46872605cf95ebc2f47\windows-amd64

VM Arguments:
jvm_args: --add-opens=java.base/java.util=ALL-UNNAMED --add-opens=java.base/java.lang=ALL-UNNAMED --add-opens=java.base/java.lang.invoke=ALL-UNNAMED --add-opens=java.prefs/java.util.prefs=ALL-UNNAMED --add-opens=java.base/java.nio.charset=ALL-UNNAMED --add-opens=java.base/java.net=ALL-UNNAMED --add-opens=java.base/java.util.concurrent.atomic=ALL-UNNAMED -XX:MaxMetaspaceSize=384m -XX:+HeapDumpOnOutOfMemoryError -Xms256m -Xmx512m -Dfile.encoding=windows-1252 -Duser.country=US -Duser.language=en -Duser.variant -javaagent:C:\Users\wcham\.gradle\wrapper\dists\gradle-8.5-bin\5t9huq95ubn472n8rpzujfbqh\gradle-8.5\lib\agents\gradle-instrumentation-agent-8.5.jar 
java_command: org.gradle.launcher.daemon.bootstrap.GradleDaemon 8.5
java_class_path (initial): C:\Users\wcham\.gradle\wrapper\dists\gradle-8.5-bin\5t9huq95ubn472n8rpzujfbqh\gradle-8.5\lib\gradle-launcher-8.5.jar
Launcher Type: SUN_STANDARD

[Global flags]
     intx CICompilerCount                          = 4                                         {product} {ergonomic}
   size_t CompressedClassSpaceSize                 = 322961408                                 {product} {ergonomic}
     uint ConcGCThreads                            = 2                                         {product} {ergonomic}
     uint G1ConcRefinementThreads                  = 8                                         {product} {ergonomic}
   size_t G1HeapRegionSize                         = 1048576                                   {product} {ergonomic}
    uintx GCDrainStackTargetSize                   = 64                                        {product} {ergonomic}
     bool HeapDumpOnOutOfMemoryError               = true                                   {manageable} {command line}
   size_t InitialHeapSize                          = 268435456                                 {product} {command line}
   size_t MarkStackSize                            = 4194304                                   {product} {ergonomic}
   size_t MaxHeapSize                              = 536870912                                 {product} {command line}
   size_t MaxMetaspaceSize                         = 402653184                                 {product} {command line}
   size_t MaxNewSize                               = 321912832                                 {product} {ergonomic}
   size_t MinHeapDeltaBytes                        = 1048576                                   {product} {ergonomic}
   size_t MinHeapSize                              = 268435456                                 {product} {command line}
    uintx NonNMethodCodeHeapSize                   = 5839372                                {pd product} {ergonomic}
    uintx NonProfiledCodeHeapSize                  = 122909434                              {pd product} {ergonomic}
    uintx ProfiledCodeHeapSize                     = 122909434                              {pd product} {ergonomic}
    uintx ReservedCodeCacheSize                    = 251658240                              {pd product} {ergonomic}
     bool SegmentedCodeCache                       = true                                      {product} {ergonomic}
   size_t SoftMaxHeapSize                          = 536870912                              {manageable} {ergonomic}
     bool UseCompressedClassPointers               = true                           {product lp64_product} {ergonomic}
     bool UseCompressedOops                        = true                           {product lp64_product} {ergonomic}
     bool UseG1GC                                  = true                                      {product} {ergonomic}
     bool UseLargePagesIndividualAllocation        = false                                  {pd product} {ergonomic}

Logging:
Log output configuration:
 #0: stdout all=warning uptime,level,tags foldmultilines=false
 #1: stderr all=off uptime,level,tags foldmultilines=false

Environment Variables:
PATH=C:\Program Files (x86)\Microsoft SDKs\Azure\CLI2\wbin;C:\oraclexe\app\oracle\product\11.2.0\server\bin;C:\ProgramData\Oracle\Java\javapath;C:\Program Files (x86)\Razer\ChromaBroadcast\bin;C:\Program Files\Razer\ChromaBroadcast\bin;C:\WINDOWS\system32;C:\WINDOWS;C:\WINDOWS\System32\Wbem;C:\WINDOWS\System32\WindowsPowerShell\v1.0\;C:\WINDOWS\System32\OpenSSH\;C:\Program Files\mingw-w64\mingw64\bin;C:\Program Files\Intel\Intel(R) Memory and Storage Tool\;C:\WINDOWS\system32\config\systemprofile\AppData\Local\Microsoft\WindowsApps;C:\Program Files\Microsoft SQL Server\130\Tools\Binn\;C:\Program Files\dotnet\;C:\WINDOWS\system32;C:\WINDOWS;C:\WINDOWS\System32\Wbem;C:\WINDOWS\System32\WindowsPowerShell\v1.0\;C:\WINDOWS\System32\OpenSSH\;C:\Program Files\Git\cmd;C:\Program Files (x86)\nodejs\;C:\Program Files\PuTTY\;C:\Program Files\Docker\Docker\resources\bin;C:\Program Files\MySQL\MySQL Shell 8.0\bin\;C:\Users\wcham\AppData\Local\Microsoft\WindowsApps;;C:\Users\wcham\AppData\Local\Programs\Microsoft VS Code\bin;C:\Users\wcham\.dotnet\tools;C:\Users\wcham\AppData\Local\JetBrains\Toolbox\scripts;C:\Users\wcham\.dotnet\tools;C:\Users\wcham\AppData\Local\Microsoft\WindowsApps;C:\Users\wcham\AppData\Roaming\npm
USERNAME=wcham
OS=Windows_NT
PROCESSOR_IDENTIFIER=Intel64 Family 6 Model 142 Stepping 12, GenuineIntel
TMP=C:\Users\wcham\AppData\Local\Temp
TEMP=C:\Users\wcham\AppData\Local\Temp



---------------  S Y S T E M  ---------------

OS:
 Windows 11 , 64 bit Build 22621 (10.0.22621.2506)
OS uptime: 0 days 23:30 hours
Hyper-V role detected

CPU: total 8 (initial active 8) (4 cores per cpu, 2 threads per core) family 6 model 142 stepping 12 microcode 0xde, cx8, cmov, fxsr, ht, mmx, 3dnowpref, sse, sse2, sse3, ssse3, sse4.1, sse4.2, popcnt, lzcnt, tsc, tscinvbit, avx, avx2, aes, erms, clmul, bmi1, bmi2, adx, fma, vzeroupper, clflush, clflushopt, hv, rdtscp

Memory: 4k page, system-wide physical 16193M (1592M free)
TotalPageFile size 22033M (AvailPageFile size 5M)
current process WorkingSet (physical memory assigned to process): 514M, peak: 515M
current process commit charge ("private bytes"): 567M, peak: 568M

vm_info: OpenJDK 64-Bit Server VM (19+36-2238) for windows-amd64 JRE (19+36-2238), built on 2022-08-12T20:29:01Z by "mach5one" with MS VC++ 17.1 (VS2022)

END.
